******************** MPI Bandwidth Test ********************
Message start size= 100000 bytes
Message finish size= 1000000 bytes
Incremented by 100000 bytes per iteration
Roundtrips per iteration= 100
MPI_Wtick resolution = 1.000000e-06
************************************************************
task    0 is on m7-2-1 partner=  16
task    1 is on m7-2-2 partner=  17
task    2 is on m7-2-3 partner=  18
task    3 is on m7-2-4 partner=  19
task    4 is on m7-2-5 partner=  20
task    5 is on m7-2-6 partner=  21
task    6 is on m7-2-7 partner=  22
task    7 is on m7-2-8 partner=  23
task    8 is on m7-2-9 partner=  24
task    9 is on m7-2-10 partner=  25
task   10 is on m7-2-11 partner=  26
task   11 is on m7-2-12 partner=  27
task   12 is on m7-2-13 partner=  28
task   13 is on m7-2-14 partner=  29
task   14 is on m7-2-15 partner=  30
task   15 is on m7-2-16 partner=  31
task   16 is on m7-8-1 partner=   0
task   17 is on m7-20-2 partner=   1
task   18 is on m7-20-3 partner=   2
task   19 is on m7-20-4 partner=   3
task   20 is on m7-20-5 partner=   4
task   21 is on m7-20-6 partner=   5
task   22 is on m7-20-7 partner=   6
task   23 is on m7-20-8 partner=   7
task   24 is on m7-20-9 partner=   8
task   25 is on m7-20-10 partner=   9
task   26 is on m7-20-11 partner=  10
task   27 is on m7-20-12 partner=  11
task   28 is on m7-20-13 partner=  12
task   29 is on m7-20-14 partner=  13
task   30 is on m7-20-15 partner=  14
task   31 is on m7-20-16 partner=  15
************************************************************
***Message size:   100000 *** best  /  avg  / worst (MB/sec)
   task pair:    0 -   16:    1694.67 / 1215.70 / 139.67 
   task pair:    1 -   17:    2383.13 / 2299.83 / 3.95 
   task pair:    2 -   18:    2356.35 / 2254.28 / 4.60 
   task pair:    3 -   19:    2410.52 / 2304.42 / 4.60 
   task pair:    4 -   20:    2383.13 / 1876.07 / 8.47 
   task pair:    5 -   21:    2383.13 / 2150.71 / 6.15 
   task pair:    6 -   22:    2150.93 / 1622.90 / 8.45 
   task pair:    7 -   23:    2356.35 / 1797.71 / 5.78 
   task pair:    8 -   24:    1754.94 / 1099.63 / 3.68 
   task pair:    9 -   25:    2356.35 / 1858.62 / 3.55 
   task pair:   10 -   26:    2242.94 / 1420.57 / 4.63 
   task pair:   11 -   27:    2383.13 / 1932.40 / 6.04 
   task pair:   12 -   28:    1902.18 / 1097.49 / 4.57 
   task pair:   13 -   29:    2173.21 / 1333.71 / 4.54 
   task pair:   14 -   30:    2356.35 / 1347.61 / 4.58 
   task pair:   15 -   31:    2273.34 / 1474.55 / 6.14 
   OVERALL AVERAGES:          2222.54 / 1692.89 / 13.71 

***Message size:   200000 *** best  /  avg  / worst (MB/sec)
   task pair:    0 -   16:    2258.04 / 1477.73 / 936.75 
   task pair:    1 -   17:    2759.41 / 2728.05 / 2650.43 
   task pair:    2 -   18:    2741.38 / 2632.99 / 2314.10 
   task pair:    3 -   19:    2759.41 / 2709.15 / 2366.32 
   task pair:    4 -   20:    2741.38 / 2072.75 / 1443.82 
   task pair:    5 -   21:    2759.41 / 2422.24 / 1887.20 
   task pair:    6 -   22:    2336.66 / 1654.12 / 1152.28 
   task pair:    7 -   23:    2663.05 / 1939.21 / 1465.26 
   task pair:    8 -   24:    2410.52 / 1304.89 / 786.19 
   task pair:    9 -   25:    2741.38 / 1868.42 / 1261.44 
   task pair:   10 -   26:    2633.79 / 1726.45 / 1126.74 
   task pair:   11 -   27:    2701.65 / 2146.21 / 1550.57 
   task pair:   12 -   28:    2150.93 / 1254.07 / 787.29 
   task pair:   13 -   29:    2684.35 / 1578.98 / 965.87 
   task pair:   14 -   30:    2667.28 / 1573.91 / 934.66 
   task pair:   15 -   31:    2613.27 / 1745.53 / 1108.14 
   OVERALL AVERAGES:          2601.37 / 1927.17 / 1421.07 

***Message size:   300000 *** best  /  avg  / worst (MB/sec)
   task pair:    0 -   16:    2255.00 / 1567.08 / 1043.36 
   task pair:    1 -   17:    3061.54 / 2885.17 / 2688.66 
   task pair:    2 -   18:    3046.71 / 2826.79 / 1980.00 
   task pair:    3 -   19:    3061.54 / 2661.34 / 1880.85 
   task pair:    4 -   20:    3032.03 / 2223.71 / 1438.87 
   task pair:    5 -   21:    3028.38 / 2450.72 / 1708.47 
   task pair:    6 -   22:    2790.00 / 1677.07 / 1109.12 
   task pair:    7 -   23:    2953.74 / 2115.22 / 1391.92 
   task pair:    8 -   24:    2575.83 / 1388.36 / 780.09 
   task pair:    9 -   25:    3017.48 / 2022.72 / 1178.73 
   task pair:   10 -   26:    2939.93 / 1731.32 / 1063.64 
   task pair:   11 -   27:    2912.71 / 2156.88 / 1463.13 
   task pair:   12 -   28:    2195.97 / 1317.59 / 811.80 
   task pair:   13 -   29:    2926.26 / 1746.04 / 1116.99 
   task pair:   14 -   30:    2885.99 / 1466.64 / 993.13 
   task pair:   15 -   31:    2827.62 / 1870.14 / 1268.44 
   OVERALL AVERAGES:          2844.42 / 2006.68 / 1369.82 

***Message size:   400000 *** best  /  avg  / worst (MB/sec)
   task pair:    0 -   16:    2532.41 / 1591.49 / 1075.46 
   task pair:    1 -   17:    3127.16 / 2517.78 / 2020.13 
   task pair:    2 -   18:    3053.18 / 2441.96 / 1901.10 
   task pair:    3 -   19:    3112.66 / 2294.54 / 1603.17 
   task pair:    4 -   20:    3053.18 / 1879.30 / 1154.26 
   task pair:    5 -   21:    3075.57 / 2236.00 / 1584.25 
   task pair:    6 -   22:    2907.66 / 1598.75 / 1041.42 
   task pair:    7 -   23:    2930.52 / 1789.26 / 1103.40 
   task pair:    8 -   24:    2507.81 / 1445.75 / 858.39 
   task pair:    9 -   25:    2848.42 / 1810.87 / 1203.10 
   task pair:   10 -   26:    2500.33 / 1469.86 / 924.87 
   task pair:   11 -   27:    3064.33 / 1898.52 / 1383.69 
   task pair:   12 -   28:    2222.15 / 1354.54 / 855.54 
   task pair:   13 -   29:    2985.27 / 1748.38 / 1071.00 
   task pair:   14 -   30:    2721.37 / 1464.34 / 947.87 
   task pair:   15 -   31:    2887.64 / 1816.62 / 1234.53 
   OVERALL AVERAGES:          2845.60 / 1834.87 / 1247.64 

***Message size:   500000 *** best  /  avg  / worst (MB/sec)
   task pair:    0 -   16:    2755.78 / 1636.07 / 1086.89 
   task pair:    1 -   17:    3146.51 / 2206.14 / 1478.95 
   task pair:    2 -   18:    3077.26 / 2153.39 / 1533.57 
   task pair:    3 -   19:    2746.76 / 1798.76 / 1219.63 
   task pair:    4 -   20:    2438.55 / 1519.66 / 967.99 
   task pair:    5 -   21:    3086.32 / 2242.96 / 1584.55 
   task pair:    6 -   22:    2666.44 / 1595.21 / 1040.51 
   task pair:    7 -   23:    2681.78 / 1498.60 / 979.52 
   task pair:    8 -   24:    2882.68 / 1498.97 / 1006.07 
   task pair:    9 -   25:    3039.35 / 1842.77 / 1222.47 
   task pair:   10 -   26:    2739.58 / 1446.05 / 911.61 
   task pair:   11 -   27:    2931.03 / 1906.98 / 1334.92 
   task pair:   12 -   28:    2786.91 / 1461.15 / 878.76 
   task pair:   13 -   29:    3066.01 / 1846.31 / 1184.83 
   task pair:   14 -   30:    3059.30 / 1522.23 / 980.44 
   task pair:   15 -   31:    3116.12 / 1948.80 / 1190.55 
   OVERALL AVERAGES:          2888.78 / 1757.75 / 1162.58 

***Message size:   600000 *** best  /  avg  / worst (MB/sec)
   task pair:    0 -   16:    2864.64 / 1624.46 / 1090.85 
   task pair:    1 -   17:    3101.15 / 1984.81 / 1333.29 
   task pair:    2 -   18:    2371.90 / 1445.69 / 983.62 
   task pair:    3 -   19:    2877.74 / 1633.45 / 1162.93 
   task pair:    4 -   20:    2325.86 / 1505.98 / 1050.77 
   task pair:    5 -   21:    3243.02 / 2288.44 / 1568.94 
   task pair:    6 -   22:    2625.54 / 1635.45 / 1003.42 
   task pair:    7 -   23:    2877.74 / 1452.87 / 931.03 
   task pair:    8 -   24:    2330.17 / 1479.36 / 945.55 
   task pair:    9 -   25:    3191.61 / 1839.90 / 1202.38 
   task pair:   10 -   26:    2803.99 / 1462.53 / 903.62 
   task pair:   11 -   27:    3037.52 / 1948.23 / 1369.57 
   task pair:   12 -   28:    2850.04 / 1452.11 / 896.86 
   task pair:   13 -   29:    2948.54 / 1828.67 / 1136.15 
   task pair:   14 -   30:    2404.76 / 1517.07 / 1005.02 
   task pair:   15 -   31:    3084.05 / 1935.44 / 1375.93 
   OVERALL AVERAGES:          2808.64 / 1689.65 / 1122.50 

***Message size:   700000 *** best  /  avg  / worst (MB/sec)
   task pair:    0 -   16:    2352.57 / 1676.36 / 1127.93 
   task pair:    1 -   17:    3210.51 / 1953.56 / 1328.21 
   task pair:    2 -   18:    2636.74 / 1373.26 / 968.82 
   task pair:    3 -   19:    3203.51 / 1711.80 / 1106.89 
   task pair:    4 -   20:    2789.56 / 1544.66 / 1058.21 
   task pair:    5 -   21:    3271.32 / 2280.81 / 1569.64 
   task pair:    6 -   22:    2805.55 / 1652.57 / 1122.76 
   task pair:    7 -   23:    2481.84 / 1453.94 / 965.48 
   task pair:    8 -   24:    2598.24 / 1527.96 / 988.72 
   task pair:    9 -   25:    3219.31 / 1898.42 / 1230.26 
   task pair:   10 -   26:    2750.36 / 1541.63 / 913.79 
   task pair:   11 -   27:    3105.25 / 1972.79 / 1348.96 
   task pair:   12 -   28:    2490.26 / 1487.84 / 863.66 
   task pair:   13 -   29:    3317.53 / 1876.17 / 1206.99 
   task pair:   14 -   30:    3262.24 / 1653.18 / 1017.51 
   task pair:   15 -   31:    3255.00 / 1954.66 / 1214.23 
   OVERALL AVERAGES:          2921.86 / 1722.48 / 1127.00 

***Message size:   800000 *** best  /  avg  / worst (MB/sec)
   task pair:    0 -   16:    2345.64 / 1580.05 / 1139.76 
   task pair:    1 -   17:    3200.23 / 1956.87 / 1250.17 
   task pair:    2 -   18:    2919.05 / 1440.08 / 910.57 
   task pair:    3 -   19:    3060.14 / 1643.15 / 1151.10 
   task pair:    4 -   20:    2973.37 / 1586.18 / 1024.88 
   task pair:    5 -   21:    3338.75 / 2215.15 / 1438.87 
   task pair:    6 -   22:    3036.60 / 1673.16 / 1078.75 
   task pair:    7 -   23:    2507.81 / 1488.43 / 929.23 
   task pair:    8 -   24:    2767.38 / 1574.27 / 977.98 
   task pair:    9 -   25:    3291.26 / 1952.89 / 1271.00 
   task pair:   10 -   26:    2671.53 / 1491.56 / 915.41 
   task pair:   11 -   27:    3347.08 / 1953.59 / 1282.91 
   task pair:   12 -   28:    2861.79 / 1570.83 / 912.18 
   task pair:   13 -   29:    3245.11 / 1925.09 / 1194.96 
   task pair:   14 -   30:    3299.35 / 1601.48 / 995.68 
   task pair:   15 -   31:    3143.27 / 1936.48 / 1230.90 
   OVERALL AVERAGES:          3000.52 / 1724.33 / 1106.52 

***Message size:   900000 *** best  /  avg  / worst (MB/sec)
   task pair:    0 -   16:    2349.75 / 1606.22 / 1161.32 
   task pair:    1 -   17:    3219.51 / 1908.30 / 1229.60 
   task pair:    2 -   18:    2402.85 / 1327.45 / 909.94 
   task pair:    3 -   19:    2847.89 / 1730.91 / 1120.81 
   task pair:    4 -   20:    3164.19 / 1657.50 / 1013.52 
   task pair:    5 -   21:    3333.22 / 2243.13 / 1539.51 
   task pair:    6 -   22:    2678.17 / 1645.23 / 1049.60 
   task pair:    7 -   23:    2601.57 / 1593.19 / 1074.09 
   task pair:    8 -   24:    3278.22 / 1764.25 / 1222.04 
   task pair:    9 -   25:    3371.93 / 2043.96 / 1305.28 
   task pair:   10 -   26:    2690.57 / 1615.87 / 946.91 
   task pair:   11 -   27:    3358.43 / 2005.89 / 1257.87 
   task pair:   12 -   28:    3055.34 / 1581.10 / 978.20 
   task pair:   13 -   29:    3402.32 / 2057.89 / 1334.11 
   task pair:   14 -   30:    3396.20 / 1738.10 / 1184.09 
   task pair:   15 -   31:    3396.20 / 2090.67 / 1203.15 
   OVERALL AVERAGES:          3034.15 / 1788.10 / 1158.13 

***Message size:  1000000 *** best  /  avg  / worst (MB/sec)
   task pair:    0 -   16:    3344.74 / 2470.70 / 1662.43 
   task pair:    1 -   17:    3114.97 / 1908.77 / 1250.72 
   task pair:    2 -   18:    2000.14 / 1170.32 / 821.69 
   task pair:    3 -   19:    2720.92 / 1639.67 / 1103.04 
   task pair:    4 -   20:    3077.26 / 1739.23 / 1155.30 
   task pair:    5 -   21:    3327.49 / 2180.33 / 1564.75 
   task pair:    6 -   22:    3425.32 / 2616.47 / 1225.51 
   task pair:    7 -   23:    3012.07 / 1565.98 / 1007.52 
   task pair:    8 -   24:    3418.34 / 2666.83 / 1630.12 
   task pair:    9 -   25:    3378.42 / 1941.91 / 1359.80 
   task pair:   10 -   26:    3148.88 / 1560.07 / 1066.57 
   task pair:   11 -   27:    3322.22 / 2104.66 / 1353.00 
   task pair:   12 -   28:    3418.34 / 2383.84 / 1158.81 
   task pair:   13 -   29:    3412.78 / 2415.43 / 1357.60 
   task pair:   14 -   30:    3412.78 / 2228.09 / 1397.64 
   task pair:   15 -   31:    3407.23 / 2703.60 / 1732.83 
   OVERALL AVERAGES:          3183.87 / 2080.99 / 1302.96 

   
******************** MPI Bandwidth Test ********************
Message start size= 1408 bytes
Message finish size= 1000000 bytes
Incremented by 100000 bytes per iteration
Roundtrips per iteration= 100
MPI_Wtick resolution = 1.000000e-06
************************************************************
task    0 is on m8-15-1 partner=  16
task    1 is on m8-15-2 partner=  17
task    2 is on m8-15-3 partner=  18
task    3 is on m8-15-4 partner=  19
task    4 is on m8-15-5 partner=  20
task    5 is on m8-15-6 partner=  21
task    6 is on m8-15-7 partner=  22
task    7 is on m8-15-8 partner=  23
task    8 is on m8-15-9 partner=  24
task    9 is on m8-15-10 partner=  25
task   10 is on m8-15-11 partner=  26
task   11 is on m8-15-12 partner=  27
task   12 is on m8-15-13 partner=  28
task   13 is on m8-15-14 partner=  29
task   14 is on m8-15-15 partner=  30
task   15 is on m8-15-16 partner=  31
task   16 is on m8-16-1 partner=   0
task   17 is on m8-16-2 partner=   1
task   18 is on m8-16-3 partner=   2
task   19 is on m8-16-4 partner=   3
task   20 is on m8-16-5 partner=   4
task   21 is on m8-16-6 partner=   5
task   22 is on m8-16-7 partner=   6
task   23 is on m8-16-8 partner=   7
task   24 is on m8-16-9 partner=   8
task   25 is on m8-16-10 partner=   9
task   26 is on m8-16-11 partner=  10
task   27 is on m8-16-12 partner=  11
task   28 is on m8-16-13 partner=  12
task   29 is on m8-16-14 partner=  13
task   30 is on m8-16-15 partner=  14
task   31 is on m8-16-16 partner=  15
************************************************************
***Message size:     1408 *** best  /  avg  / worst (MB/sec)
   task pair:    0 -   16:    178.96 / 116.85 / 23.14 
   task pair:    1 -   17:    256.76 / 228.81 / 0.28 
   task pair:    2 -   18:    244.79 / 212.13 / 0.28 
   task pair:    3 -   19:    239.82 / 209.14 / 0.28 
   task pair:    4 -   20:    235.05 / 112.79 / 0.28 
   task pair:    5 -   21:    256.76 / 212.63 / 0.28 
   task pair:    6 -   22:    251.30 / 137.28 / 0.29 
   task pair:    7 -   23:    244.79 / 161.69 / 0.29 
   task pair:    8 -   24:    239.82 / 104.94 / 0.26 
   task pair:    9 -   25:    256.76 / 208.04 / 0.26 
   task pair:   10 -   26:    256.76 / 161.79 / 0.25 
   task pair:   11 -   27:    251.30 / 98.93 / 0.25 
   task pair:   12 -   28:    239.82 / 108.39 / 0.26 
   task pair:   13 -   29:    141.03 / 85.51 / 0.28 
   task pair:   14 -   30:    244.79 / 111.45 / 0.26 
   task pair:   15 -   31:    133.84 / 59.15 / 0.27 
   OVERALL AVERAGES:          229.52 / 145.59 / 1.70 

***Message size:   101408 *** best  /  avg  / worst (MB/sec)
   task pair:    0 -   16:    1883.06 / 861.44 / 177.52 
   task pair:    1 -   17:    2489.16 / 2142.75 / 298.38 
   task pair:    2 -   18:    2002.76 / 1369.62 / 283.96 
   task pair:    3 -   19:    1827.44 / 1299.34 / 289.42 
   task pair:    4 -   20:    771.93 / 446.41 / 213.60 
   task pair:    5 -   21:    1941.07 / 1303.36 / 271.07 
   task pair:    6 -   22:    1091.65 / 651.48 / 229.82 
   task pair:    7 -   23:    1533.43 / 844.04 / 216.11 
   task pair:    8 -   24:    1568.78 / 699.96 / 217.73 
   task pair:    9 -   25:    1895.65 / 1343.69 / 285.46 
   task pair:   10 -   26:    1748.55 / 952.66 / 236.59 
   task pair:   11 -   27:    1011.50 / 547.53 / 195.06 
   task pair:   12 -   28:    1356.73 / 693.66 / 165.32 
   task pair:   13 -   29:    433.79 / 305.15 / 176.86 
   task pair:   14 -   30:    1659.04 / 854.40 / 220.40 
   task pair:   15 -   31:    426.51 / 325.34 / 130.10 
   OVERALL AVERAGES:          1477.57 / 915.05 / 225.46 

***Message size:   201408 *** best  /  avg  / worst (MB/sec)
   task pair:    0 -   16:    1852.05 / 1011.78 / 515.61 
   task pair:    1 -   17:    3085.90 / 2103.46 / 1026.29 
   task pair:    2 -   18:    1649.53 / 1042.43 / 685.97 
   task pair:    3 -   19:    2219.42 / 1425.13 / 947.84 
   task pair:    4 -   20:    515.77 / 375.33 / 265.89 
   task pair:    5 -   21:    2128.55 / 1160.90 / 758.66 
   task pair:    6 -   22:    935.64 / 654.42 / 441.79 
   task pair:    7 -   23:    1661.29 / 1017.47 / 688.55 
   task pair:    8 -   24:    1744.03 / 921.88 / 549.75 
   task pair:    9 -   25:    2157.08 / 1177.26 / 802.82 
   task pair:   10 -   26:    1328.25 / 848.27 / 531.63 
   task pair:   11 -   27:    911.41 / 693.71 / 459.55 
   task pair:   12 -   28:    2188.51 / 977.10 / 502.28 
   task pair:   13 -   29:    542.30 / 386.29 / 285.03 
   task pair:   14 -   30:    1890.92 / 1060.86 / 639.61 
   task pair:   15 -   31:    520.10 / 374.83 / 295.59 
   OVERALL AVERAGES:          1583.17 / 951.94 / 587.30 

***Message size:   301408 *** best  /  avg  / worst (MB/sec)
   task pair:    0 -   16:    1864.94 / 1107.10 / 683.67 
   task pair:    1 -   17:    1685.03 / 1060.34 / 759.68 
   task pair:    2 -   18:    1167.18 / 849.24 / 520.92 
   task pair:    3 -   19:    2658.67 / 1384.12 / 926.66 
   task pair:    4 -   20:    524.51 / 381.12 / 293.99 
   task pair:    5 -   21:    1666.43 / 1114.58 / 667.21 
   task pair:    6 -   22:    981.04 / 724.63 / 540.02 
   task pair:    7 -   23:    1609.67 / 986.23 / 674.10 
   task pair:    8 -   24:    1681.67 / 977.52 / 608.45 
   task pair:    9 -   25:    2278.86 / 1129.40 / 752.39 
   task pair:   10 -   26:    1373.19 / 797.51 / 523.40 
   task pair:   11 -   27:    1042.96 / 756.60 / 518.88 
   task pair:   12 -   28:    1988.12 / 1017.30 / 669.24 
   task pair:   13 -   29:    599.22 / 450.38 / 343.98 
   task pair:   14 -   30:    1701.48 / 1124.03 / 702.58 
   task pair:   15 -   31:    565.89 / 436.94 / 318.53 
   OVERALL AVERAGES:          1461.80 / 893.57 / 593.98 

***Message size:   401408 *** best  /  avg  / worst (MB/sec)
   task pair:    0 -   16:    1962.84 / 1119.86 / 680.18 
   task pair:    1 -   17:    1279.35 / 813.26 / 607.04 
   task pair:    2 -   18:    949.26 / 749.66 / 575.70 
   task pair:    3 -   19:    2431.23 / 1430.30 / 945.59 
   task pair:    4 -   20:    510.54 / 400.34 / 315.83 
   task pair:    5 -   21:    1504.75 / 1073.44 / 757.88 
   task pair:    6 -   22:    923.04 / 659.39 / 488.34 
   task pair:    7 -   23:    1663.87 / 1027.70 / 629.04 
   task pair:    8 -   24:    1726.58 / 976.57 / 653.77 
   task pair:    9 -   25:    1867.07 / 1148.07 / 811.58 
   task pair:   10 -   26:    1291.74 / 796.89 / 557.61 
   task pair:   11 -   27:    1057.72 / 724.48 / 495.26 
   task pair:   12 -   28:    2414.67 / 982.43 / 647.42 
   task pair:   13 -   29:    977.86 / 486.76 / 377.35 
   task pair:   14 -   30:    1966.57 / 1130.92 / 665.01 
   task pair:   15 -   31:    560.63 / 443.76 / 340.00 
   OVERALL AVERAGES:          1442.98 / 872.74 / 596.72 

***Message size:   501408 *** best  /  avg  / worst (MB/sec)
   task pair:    0 -   16:    2167.26 / 1035.18 / 249.05 
   task pair:    1 -   17:    999.31 / 776.50 / 609.89 
   task pair:    2 -   18:    964.71 / 737.31 / 549.19 
   task pair:    3 -   19:    2566.66 / 1398.52 / 882.99 
   task pair:    4 -   20:    513.61 / 399.59 / 301.90 
   task pair:    5 -   21:    1505.14 / 1041.11 / 729.72 
   task pair:    6 -   22:    877.92 / 673.64 / 536.91 
   task pair:    7 -   23:    1955.65 / 1066.36 / 745.86 
   task pair:    8 -   24:    1548.22 / 983.54 / 629.12 
   task pair:    9 -   25:    2891.79 / 1192.82 / 798.09 
   task pair:   10 -   26:    1212.22 / 872.20 / 550.32 
   task pair:   11 -   27:    967.03 / 755.31 / 597.88 
   task pair:   12 -   28:    1681.77 / 982.34 / 599.87 
   task pair:   13 -   29:    688.62 / 514.24 / 407.31 
   task pair:   14 -   30:    1980.98 / 1124.28 / 814.11 
   task pair:   15 -   31:    710.94 / 507.43 / 357.57 
   OVERALL AVERAGES:          1451.99 / 878.77 / 584.99 

***Message size:   601408 *** best  /  avg  / worst (MB/sec)
   task pair:    0 -   16:    2835.45 / 1337.64 / 689.49 
   task pair:    1 -   17:    1016.31 / 726.12 / 554.42 
   task pair:    2 -   18:    899.80 / 702.72 / 560.24 
   task pair:    3 -   19:    2455.87 / 1432.50 / 962.83 
   task pair:    4 -   20:    829.80 / 524.15 / 334.19 
   task pair:    5 -   21:    1783.94 / 1031.33 / 723.61 
   task pair:    6 -   22:    823.00 / 622.85 / 453.03 
   task pair:    7 -   23:    1551.11 / 977.81 / 636.25 
   task pair:    8 -   24:    1523.01 / 969.04 / 664.62 
   task pair:    9 -   25:    2178.08 / 1310.33 / 843.36 
   task pair:   10 -   26:    1436.19 / 909.05 / 638.62 
   task pair:   11 -   27:    903.51 / 700.54 / 251.69 
   task pair:   12 -   28:    1618.41 / 967.49 / 703.70 
   task pair:   13 -   29:    837.03 / 640.37 / 477.21 
   task pair:   14 -   30:    1629.25 / 1051.37 / 709.94 
   task pair:   15 -   31:    780.65 / 545.27 / 401.50 
   OVERALL AVERAGES:          1443.84 / 903.04 / 600.29 

***Message size:   701408 *** best  /  avg  / worst (MB/sec)
   task pair:    0 -   16:    3425.81 / 1981.45 / 1055.73 
   task pair:    1 -   17:    1159.15 / 721.24 / 544.94 
   task pair:    2 -   18:    1035.07 / 735.97 / 516.31 
   task pair:    3 -   19:    2535.59 / 1501.08 / 932.43 
   task pair:    4 -   20:    1905.23 / 1047.22 / 512.73 
   task pair:    5 -   21:    1396.84 / 1070.69 / 742.53 
   task pair:    6 -   22:    861.94 / 660.53 / 538.25 
   task pair:    7 -   23:    1880.42 / 1022.45 / 623.06 
   task pair:    8 -   24:    1625.59 / 994.70 / 676.46 
   task pair:    9 -   25:    2766.91 / 1323.94 / 887.46 
   task pair:   10 -   26:    1307.08 / 935.18 / 658.37 
   task pair:   11 -   27:    1301.59 / 864.51 / 590.66 
   task pair:   12 -   28:    2151.70 / 994.97 / 736.56 
   task pair:   13 -   29:    1162.53 / 820.59 / 605.77 
   task pair:   14 -   30:    1596.37 / 1061.41 / 782.37 
   task pair:   15 -   31:    1914.53 / 919.72 / 570.25 
   OVERALL AVERAGES:          1751.65 / 1040.98 / 685.87 

***Message size:   801408 *** best  /  avg  / worst (MB/sec)
   task pair:    0 -   16:    3422.96 / 2449.45 / 1525.11 
   task pair:    1 -   17:    947.43 / 760.37 / 589.76 
   task pair:    2 -   18:    1453.48 / 875.68 / 630.47 
   task pair:    3 -   19:    2780.27 / 1341.69 / 919.31 
   task pair:    4 -   20:    2288.77 / 1440.04 / 776.27 
   task pair:    5 -   21:    2250.46 / 1125.94 / 716.67 
   task pair:    6 -   22:    1180.04 / 818.31 / 536.37 
   task pair:    7 -   23:    1948.75 / 1053.59 / 721.18 
   task pair:    8 -   24:    2019.89 / 1020.19 / 657.43 
   task pair:    9 -   25:    2270.99 / 1321.60 / 982.42 
   task pair:   10 -   26:    2091.04 / 1133.16 / 751.43 
   task pair:   11 -   27:    1534.51 / 1156.99 / 743.09 
   task pair:   12 -   28:    2693.66 / 1098.94 / 30.72 
   task pair:   13 -   29:    2640.49 / 1389.56 / 688.71 
   task pair:   14 -   30:    1692.95 / 1072.27 / 724.12 
   task pair:   15 -   31:    2177.74 / 1355.69 / 850.19 
   OVERALL AVERAGES:          2087.09 / 1213.34 / 740.20 

***Message size:   901408 *** best  /  avg  / worst (MB/sec)
   task pair:    0 -   16:    3900.22 / 3056.70 / 2039.94 
   task pair:    1 -   17:    1514.05 / 947.50 / 736.13 
   task pair:    2 -   18:    2419.89 / 1137.98 / 743.59 
   task pair:    3 -   19:    2599.59 / 1480.74 / 946.85 
   task pair:    4 -   20:    4277.50 / 2963.21 / 1413.11 
   task pair:    5 -   21:    2969.98 / 1390.68 / 862.18 
   task pair:    6 -   22:    2268.52 / 1425.59 / 745.66 
   task pair:    7 -   23:    2347.40 / 1086.22 / 677.68 
   task pair:    8 -   24:    1815.50 / 1053.54 / 692.05 
   task pair:    9 -   25:    2922.91 / 1536.87 / 880.92 
   task pair:   10 -   26:    3759.63 / 1247.65 / 729.53 
   task pair:   11 -   27:    1805.96 / 1150.53 / 788.55 
   task pair:   12 -   28:    3363.31 / 1694.00 / 921.58 
   task pair:   13 -   29:    3127.20 / 1769.51 / 953.12 
   task pair:   14 -   30:    1633.70 / 1015.63 / 751.25 
   task pair:   15 -   31:    2495.15 / 1839.24 / 1226.83 
   OVERALL AVERAGES:          2701.28 / 1549.72 / 944.31 