2Th_lab5
Number of tasks = 32
Only need 2 tasks - extra will be ignored...
task 0 has started...
Beginning latency timing test. Number of reps = 1000.
***************************************************
Rep#       T1               T2            deltaT
   1  1449520449.97550893  1449520449.97566295  0.00015402
   2  1449520449.97567606  1449520449.97591090  0.00023484
   3  1449520449.97598696  1449520449.97608900  0.00010204
   4  1449520449.97613001  1449520449.97622490  0.00009489
   5  1449520449.97622991  1449520449.97632408  0.00009418
   6  1449520449.97632694  1449520449.97641993  0.00009298
   7  1449520449.97642398  1449520449.97652793  0.00010395
   8  1449520449.97653103  1449520449.97662902  0.00009799
   9  1449520449.97663498  1449520449.97673297  0.00009799
  10  1449520449.97673702  1449520449.97681999  0.00008297
  11  1449520449.97682405  1449520449.97690606  0.00008202
  12  1449520449.97690892  1449520449.97693896  0.00003004
  13  1449520449.97694302  1449520449.97697306  0.00003004
  14  1449520449.97697711  1449520449.97705197  0.00007486
  15  1449520449.97706795  1449520449.97714901  0.00008106
  16  1449520449.97715211  1449520449.97723508  0.00008297
  17  1449520449.97723889  1449520449.97732210  0.00008321
  18  1449520449.97732592  1449520449.97740793  0.00008202
  19  1449520449.97741103  1449520449.97749400  0.00008297
  20  1449520449.97749710  1449520449.97759008  0.00009298
  21  1449520449.97759604  1449520449.97765303  0.00005698
  22  1449520449.97765708  1449520449.97768593  0.00002885
  23  1449520449.97768998  1449520449.97772193  0.00003195
  24  1449520449.97772598  1449520449.97775698  0.00003099
  25  1449520449.97776103  1449520449.97779298  0.00003195
  26  1449520449.97779703  1449520449.97788501  0.00008798
  27  1449520449.97788811  1449520449.97796893  0.00008082
  28  1449520449.97797298  1449520449.97803807  0.00006509
  29  1449520449.97805405  1449520449.97811890  0.00006485
  30  1449520449.97813392  1449520449.97819996  0.00006604
  31  1449520449.97820306  1449520449.97823811  0.00003505
  32  1449520449.97824192  1449520449.97831893  0.00007701
  33  1449520449.97832298  1449520449.97835708  0.00003409
  34  1449520449.97836208  1449520449.97843003  0.00006795
  35  1449520449.97843289  1449520449.97850204  0.00006914
  36  1449520449.97850609  1449520449.97853494  0.00002885
  37  1449520449.97857499  1449520449.97860789  0.00003290
  38  1449520449.97861195  1449520449.97864294  0.00003099
  39  1449520449.97864604  1449520449.97867489  0.00002885
  40  1449520449.97867894  1449520449.97870803  0.00002909
  41  1449520449.97871089  1449520449.97874093  0.00003004
  42  1449520449.97874498  1449520449.97877407  0.00002909
  43  1449520449.97877789  1449520449.97880697  0.00002909
  44  1449520449.97881103  1449520449.97884107  0.00003004
  45  1449520449.97884393  1449520449.97887802  0.00003409
  46  1449520449.97888207  1449520449.97890997  0.00002789
  47  1449520449.97891402  1449520449.97894406  0.00003004
  48  1449520449.97894692  1449520449.97897601  0.00002909
  49  1449520449.97898006  1449520449.97901011  0.00003004
  50  1449520449.97901297  1449520449.97904205  0.00002909
  51  1449520449.97904611  1449520449.97907591  0.00002980
  52  1449520449.97907901  1449520449.97910810  0.00002909
  53  1449520449.97911191  1449520449.97914100  0.00002909
  54  1449520449.97914505  1449520449.97917390  0.00002885
  55  1449520449.97917795  1449520449.97920704  0.00002909
  56  1449520449.97921109  1449520449.97923994  0.00002885
  57  1449520449.97924399  1449520449.97927308  0.00002909
  58  1449520449.97927690  1449520449.97930598  0.00002909
  59  1449520449.97930908  1449520449.97933793  0.00002885
  60  1449520449.97934198  1449520449.97937107  0.00002909
  61  1449520449.97937489  1449520449.97940302  0.00002813
  62  1449520449.97940803  1449520449.97943807  0.00003004
  63  1449520449.97944188  1449520449.97947097  0.00002909
  64  1449520449.97947502  1449520449.97950411  0.00002909
  65  1449520449.97950697  1449520449.97953606  0.00002909
  66  1449520449.97957611  1449520449.97960901  0.00003290
  67  1449520449.97961307  1449520449.97964191  0.00002885
  68  1449520449.97964597  1449520449.97967505  0.00002909
  69  1449520449.97967792  1449520449.97970700  0.00002909
  70  1449520449.97971106  1449520449.97973990  0.00002885
  71  1449520449.97974396  1449520449.97977400  0.00003004
  72  1449520449.97977805  1449520449.97980809  0.00003004
  73  1449520449.97981191  1449520449.97984195  0.00003004
  74  1449520449.97984600  1449520449.97987604  0.00003004
  75  1449520449.97988009  1449520449.97990894  0.00002885
  76  1449520449.97991300  1449520449.97994208  0.00002909
  77  1449520449.97994590  1449520449.97997499  0.00002909
  78  1449520449.97997904  1449520449.98000789  0.00002885
  79  1449520449.98001194  1449520449.98004103  0.00002909
  80  1449520449.98004389  1449520449.98007393  0.00003004
  81  1449520449.98007703  1449520449.98010612  0.00002909
  82  1449520449.98010898  1449520449.98013997  0.00003099
  83  1449520449.98014307  1449520449.98017311  0.00003004
  84  1449520449.98017597  1449520449.98020601  0.00003004
  85  1449520449.98020911  1449520449.98023796  0.00002885
  86  1449520449.98024201  1449520449.98027110  0.00002909
  87  1449520449.98027492  1449520449.98030400  0.00002909
  88  1449520449.98030806  1449520449.98033690  0.00002885
  89  1449520449.98034096  1449520449.98037004  0.00002909
  90  1449520449.98037291  1449520449.98040199  0.00002909
  91  1449520449.98040605  1449520449.98043489  0.00002885
  92  1449520449.98043895  1449520449.98046803  0.00002909
  93  1449520449.98047209  1449520449.98050094  0.00002885
  94  1449520449.98050499  1449520449.98053288  0.00002789
  95  1449520449.98057508  1449520449.98060703  0.00003195
  96  1449520449.98061299  1449520449.98064303  0.00003004
  97  1449520449.98064590  1449520449.98067498  0.00002909
  98  1449520449.98067904  1449520449.98070788  0.00002885
  99  1449520449.98071194  1449520449.98074102  0.00002909
 100  1449520449.98074508  1449520449.98077297  0.00002789
 101  1449520449.98077703  1449520449.98080707  0.00003004
 102  1449520449.98081112  1449520449.98083997  0.00002885
 103  1449520449.98084402  1449520449.98087907  0.00003505
 104  1449520449.98088288  1449520449.98091197  0.00002909
 105  1449520449.98091602  1449520449.98094392  0.00002789
 106  1449520449.98094797  1449520449.98097706  0.00002909
 107  1449520449.98098111  1449520449.98100901  0.00002789
 108  1449520449.98101306  1449520449.98104191  0.00002885
 109  1449520449.98104596  1449520449.98107505  0.00002909
 110  1449520449.98107910  1449520449.98110795  0.00002885
 111  1449520449.98111105  1449520449.98113990  0.00002885
 112  1449520449.98114395  1449520449.98117304  0.00002909
 113  1449520449.98117709  1449520449.98120594  0.00002885
 114  1449520449.98120904  1449520449.98123789  0.00002885
 115  1449520449.98124194  1449520449.98127103  0.00002909
 116  1449520449.98127508  1449520449.98130393  0.00002885
 117  1449520449.98130703  1449520449.98133612  0.00002909
 118  1449520449.98133898  1449520449.98136806  0.00002909
 119  1449520449.98137212  1449520449.98140097  0.00002885
 120  1449520449.98140502  1449520449.98143411  0.00002909
 121  1449520449.98143792  1449520449.98146701  0.00002909
 122  1449520449.98147106  1449520449.98149991  0.00002885
 123  1449520449.98150396  1449520449.98153305  0.00002909
 124  1449520449.98157191  1449520449.98160410  0.00003219
 125  1449520449.98161006  1449520449.98163891  0.00002885
 126  1449520449.98164296  1449520449.98167109  0.00002813
 127  1449520449.98167491  1449520449.98170304  0.00002813
 128  1449520449.98170710  1449520449.98173594  0.00002885
 129  1449520449.98174000  1449520449.98176789  0.00002789
 130  1449520449.98177195  1449520449.98180509  0.00003314
 131  1449520449.98180890  1449520449.98183894  0.00003004
 132  1449520449.98184204  1449520449.98187089  0.00002885
 133  1449520449.98187494  1449520449.98190403  0.00002909
 134  1449520449.98190808  1449520449.98193693  0.00002885
 135  1449520449.98194098  1449520449.98197007  0.00002909
 136  1449520449.98197389  1449520449.98200297  0.00002909
 137  1449520449.98200607  1449520449.98203397  0.00002789
 138  1449520449.98203802  1449520449.98206711  0.00002909
 139  1449520449.98207092  1449520449.98209906  0.00002813
 140  1449520449.98210311  1449520449.98213196  0.00002885
 141  1449520449.98213601  1449520449.98216510  0.00002909
 142  1449520449.98216891  1449520449.98219800  0.00002909
 143  1449520449.98220205  1449520449.98223090  0.00002885
 144  1449520449.98223400  1449520449.98226309  0.00002909
 145  1449520449.98226690  1449520449.98229504  0.00002813
 146  1449520449.98229909  1449520449.98232698  0.00002789
 147  1449520449.98233104  1449520449.98235989  0.00002885
 148  1449520449.98236394  1449520449.98239303  0.00002909
 149  1449520449.98239708  1449520449.98242593  0.00002885
 150  1449520449.98242903  1449520449.98245907  0.00003004
 151  1449520449.98246193  1449520449.98249102  0.00002909
 152  1449520449.98249507  1449520449.98252511  0.00003004
 153  1449520449.98252797  1449520449.98257804  0.00005007
 154  1449520449.98258400  1449520449.98261499  0.00003099
 155  1449520449.98261905  1449520449.98264790  0.00002885
 156  1449520449.98265195  1449520449.98268104  0.00002909
 157  1449520449.98268509  1449520449.98271394  0.00002885
 158  1449520449.98271704  1449520449.98274589  0.00002885
 159  1449520449.98274994  1449520449.98277903  0.00002909
 160  1449520449.98278308  1449520449.98281193  0.00002885
 161  1449520449.98281598  1449520449.98284507  0.00002909
 162  1449520449.98284888  1449520449.98287797  0.00002909
 163  1449520449.98288202  1449520449.98291111  0.00002909
 164  1449520449.98291492  1449520449.98294401  0.00002909
 165  1449520449.98294711  1449520449.98297596  0.00002885
 166  1449520449.98298001  1449520449.98300910  0.00002909
 167  1449520449.98301291  1449520449.98304200  0.00002909
 168  1449520449.98304605  1449520449.98307610  0.00003004
 169  1449520449.98307896  1449520449.98310804  0.00002909
 170  1449520449.98311210  1449520449.98314095  0.00002885
 171  1449520449.98314500  1449520449.98317409  0.00002909
 172  1449520449.98317790  1449520449.98320699  0.00002909
 173  1449520449.98321104  1449520449.98323894  0.00002789
 174  1449520449.98324299  1449520449.98327208  0.00002909
 175  1449520449.98327589  1449520449.98330402  0.00002813
 176  1449520449.98330808  1449520449.98333597  0.00002789
 177  1449520449.98334002  1449520449.98337102  0.00003099
 178  1449520449.98337507  1449520449.98340392  0.00002885
 179  1449520449.98340797  1449520449.98343706  0.00002909
 180  1449520449.98344111  1449520449.98346996  0.00002885
 181  1449520449.98347402  1449520449.98350191  0.00002789
 182  1449520449.98350596  1449520449.98353505  0.00002909
 183  1449520449.98357391  1449520449.98360610  0.00003219
 184  1449520449.98361111  1449520449.98363996  0.00002885
 185  1449520449.98364305  1449520449.98367190  0.00002885
 186  1449520449.98367596  1449520449.98370504  0.00002909
 187  1449520449.98370910  1449520449.98373795  0.00002885
 188  1449520449.98374104  1449520449.98376989  0.00002885
 189  1449520449.98377395  1449520449.98380494  0.00003099
 190  1449520449.98380899  1449520449.98383689  0.00002789
 191  1449520449.98384094  1449520449.98387003  0.00002909
 192  1449520449.98387289  1449520449.98390198  0.00002909
 193  1449520449.98390603  1449520449.98393512  0.00002909
 194  1449520449.98393893  1449520449.98396802  0.00002909
 195  1449520449.98397207  1449520449.98400092  0.00002885
 196  1449520449.98400497  1449520449.98403406  0.00002909
 197  1449520449.98403811  1449520449.98406601  0.00002789
 198  1449520449.98407006  1449520449.98409796  0.00002789
 199  1449520449.98410201  1449520449.98412991  0.00002789
 200  1449520449.98413396  1449520449.98416305  0.00002909
 201  1449520449.98416710  1449520449.98419499  0.00002789
 202  1449520449.98419905  1449520449.98422790  0.00002885
 203  1449520449.98423195  1449520449.98426104  0.00002909
 204  1449520449.98426390  1449520449.98429298  0.00002909
 205  1449520449.98429704  1449520449.98432589  0.00002885
 206  1449520449.98432994  1449520449.98435903  0.00002909
 207  1449520449.98436308  1449520449.98439097  0.00002789
 208  1449520449.98439503  1449520449.98442411  0.00002909
 209  1449520449.98442793  1449520449.98445702  0.00002909
 210  1449520449.98446107  1449520449.98448896  0.00002789
 211  1449520449.98449302  1449520449.98452091  0.00002789
 212  1449520449.98452497  1449520449.98457789  0.00005293
 213  1449520449.98458409  1449520449.98461509  0.00003099
 214  1449520449.98461890  1449520449.98464704  0.00002813
 215  1449520449.98465109  1449520449.98467898  0.00002789
 216  1449520449.98468304  1449520449.98471189  0.00002885
 217  1449520449.98471594  1449520449.98474503  0.00002909
 218  1449520449.98474908  1449520449.98477793  0.00002885
 219  1449520449.98478103  1449520449.98481011  0.00002909
 220  1449520449.98481393  1449520449.98484302  0.00002909
 221  1449520449.98484612  1449520449.98487806  0.00003195
 222  1449520449.98488212  1449520449.98491192  0.00002980
 223  1449520449.98491597  1449520449.98494506  0.00002909
 224  1449520449.98494792  1449520449.98497701  0.00002909
 225  1449520449.98498106  1449520449.98500991  0.00002885
 226  1449520449.98501396  1449520449.98504210  0.00002813
 227  1449520449.98504591  1449520449.98507500  0.00002909
 228  1449520449.98507905  1449520449.98510790  0.00002885
 229  1449520449.98511100  1449520449.98514009  0.00002909
 230  1449520449.98514390  1449520449.98517299  0.00002909
 231  1449520449.98517609  1449520449.98520494  0.00002885
 232  1449520449.98520899  1449520449.98523688  0.00002789
 233  1449520449.98524094  1449520449.98527002  0.00002909
 234  1449520449.98527408  1449520449.98530197  0.00002789
 235  1449520449.98530602  1449520449.98533511  0.00002909
 236  1449520449.98533797  1449520449.98536801  0.00003004
 237  1449520449.98537111  1449520449.98539996  0.00002885
 238  1449520449.98540306  1449520449.98543191  0.00002885
 239  1449520449.98543596  1449520449.98546505  0.00002909
 240  1449520449.98546910  1449520449.98549700  0.00002789
 241  1449520449.98550105  1449520449.98552990  0.00002885
 242  1449520449.98553395  1449520449.98557496  0.00004101
 243  1449520449.98558092  1449520449.98561192  0.00003099
 244  1449520449.98561502  1449520449.98564410  0.00002909
 245  1449520449.98564792  1449520449.98567700  0.00002909
 246  1449520449.98568106  1449520449.98570895  0.00002789
 247  1449520449.98571301  1449520449.98574209  0.00002909
 248  1449520449.98574710  1449520449.98577595  0.00002885
 249  1449520449.98578000  1449520449.98581195  0.00003195
 250  1449520449.98581600  1449520449.98584509  0.00002909
 251  1449520449.98584795  1449520449.98587799  0.00003004
 252  1449520449.98588204  1449520449.98590994  0.00002789
 253  1449520449.98591399  1449520449.98594308  0.00002909
 254  1449520449.98594689  1449520449.98597598  0.00002909
 255  1449520449.98597908  1449520449.98600793  0.00002885
 256  1449520449.98601198  1449520449.98604202  0.00003004
 257  1449520449.98604608  1449520449.98607397  0.00002789
 258  1449520449.98607802  1449520449.98610711  0.00002909
 259  1449520449.98610997  1449520449.98613906  0.00002909
 260  1449520449.98614311  1449520449.98617196  0.00002885
 261  1449520449.98617601  1449520449.98620391  0.00002789
 262  1449520449.98620796  1449520449.98623610  0.00002813
 263  1449520449.98623991  1449520449.98626900  0.00002909
 264  1449520449.98627305  1449520449.98630095  0.00002789
 265  1449520449.98630500  1449520449.98633409  0.00002909
 266  1449520449.98633790  1449520449.98636603  0.00002813
 267  1449520449.98637009  1449520449.98639894  0.00002885
 268  1449520449.98640299  1449520449.98643088  0.00002789
 269  1449520449.98643494  1449520449.98646402  0.00002909
 270  1449520449.98646808  1449520449.98649597  0.00002789
 271  1449520449.98650002  1449520449.98652911  0.00002909
 272  1449520449.98653197  1449520449.98657489  0.00004292
 273  1449520449.98658109  1449520449.98661208  0.00003099
 274  1449520449.98661590  1449520449.98664498  0.00002909
 275  1449520449.98664808  1449520449.98667693  0.00002885
 276  1449520449.98668098  1449520449.98671007  0.00002909
 277  1449520449.98671389  1449520449.98674297  0.00002909
 278  1449520449.98674703  1449520449.98677492  0.00002789
 279  1449520449.98677897  1449520449.98680806  0.00002909
 280  1449520449.98681092  1449520449.98684096  0.00003004
 281  1449520449.98684406  1449520449.98687291  0.00002885
 282  1449520449.98687696  1449520449.98690605  0.00002909
 283  1449520449.98690891  1449520449.98693800  0.00002909
 284  1449520449.98694205  1449520449.98697090  0.00002885
 285  1449520449.98697495  1449520449.98700309  0.00002813
 286  1449520449.98700690  1449520449.98703599  0.00002909
 287  1449520449.98703909  1449520449.98706794  0.00002885
 288  1449520449.98707104  1449520449.98709989  0.00002885
 289  1449520449.98710394  1449520449.98713207  0.00002813
 290  1449520449.98713589  1449520449.98716497  0.00002909
 291  1449520449.98716903  1449520449.98719811  0.00002909
 292  1449520449.98720193  1449520449.98723102  0.00002909
 293  1449520449.98723507  1449520449.98726392  0.00002885
 294  1449520449.98726797  1449520449.98729610  0.00002813
 295  1449520449.98729992  1449520449.98732805  0.00002813
 296  1449520449.98733211  1449520449.98736095  0.00002885
 297  1449520449.98736405  1449520449.98739290  0.00002885
 298  1449520449.98739600  1449520449.98742509  0.00002909
 299  1449520449.98742795  1449520449.98745799  0.00003004
 300  1449520449.98746109  1449520449.98748994  0.00002885
 301  1449520449.98749304  1449520449.98752189  0.00002885
 302  1449520449.98752594  1449520449.98757792  0.00005198
 303  1449520449.98758292  1449520449.98761392  0.00003099
 304  1449520449.98761797  1449520449.98764706  0.00002909
 305  1449520449.98765111  1449520449.98767996  0.00002885
 306  1449520449.98768401  1449520449.98771310  0.00002909
 307  1449520449.98771596  1449520449.98774600  0.00003004
 308  1449520449.98775005  1449520449.98777890  0.00002885
 309  1449520449.98778200  1449520449.98781109  0.00002909
 310  1449520449.98781490  1449520449.98784399  0.00002909
 311  1449520449.98784709  1449520449.98787689  0.00002980
 312  1449520449.98788095  1449520449.98791003  0.00002909
 313  1449520449.98791409  1449520449.98794293  0.00002885
 314  1449520449.98794603  1449520449.98797488  0.00002885
 315  1449520449.98797894  1449520449.98800802  0.00002909
 316  1449520449.98801088  1449520449.98803997  0.00002909
 317  1449520449.98804402  1449520449.98807311  0.00002909
 318  1449520449.98807693  1449520449.98810601  0.00002909
 319  1449520449.98810911  1449520449.98813796  0.00002885
 320  1449520449.98814201  1449520449.98817110  0.00002909
 321  1449520449.98817492  1449520449.98820305  0.00002813
 322  1449520449.98820710  1449520449.98823500  0.00002789
 323  1449520449.98823905  1449520449.98826790  0.00002885
 324  1449520449.98827195  1449520449.98830009  0.00002813
 325  1449520449.98830390  1449520449.98833299  0.00002909
 326  1449520449.98833704  1449520449.98836493  0.00002789
 327  1449520449.98836899  1449520449.98839903  0.00003004
 328  1449520449.98840308  1449520449.98843193  0.00002885
 329  1449520449.98843503  1449520449.98846412  0.00002909
 330  1449520449.98846698  1449520449.98849702  0.00003004
 331  1449520449.98850107  1449520449.98852992  0.00002885
 332  1449520449.98853397  1449520449.98857498  0.00004101
 333  1449520449.98858094  1449520449.98861194  0.00003099
 334  1449520449.98861599  1449520449.98864388  0.00002789
 335  1449520449.98864794  1449520449.98867607  0.00002813
 336  1449520449.98867989  1449520449.98870897  0.00002909
 337  1449520449.98871303  1449520449.98874092  0.00002789
 338  1449520449.98874497  1449520449.98877406  0.00002909
 339  1449520449.98877692  1449520449.98880792  0.00003099
 340  1449520449.98881197  1449520449.98884010  0.00002813
 341  1449520449.98884392  1449520449.98887801  0.00003409
 342  1449520449.98888111  1449520449.98890996  0.00002885
 343  1449520449.98891401  1449520449.98894310  0.00002909
 344  1449520449.98894596  1449520449.98897505  0.00002909
 345  1449520449.98897910  1449520449.98900795  0.00002885
 346  1449520449.98901200  1449520449.98903990  0.00002789
 347  1449520449.98904395  1449520449.98907304  0.00002909
 348  1449520449.98907709  1449520449.98910594  0.00002885
 349  1449520449.98910999  1449520449.98913789  0.00002789
 350  1449520449.98914194  1449520449.98917103  0.00002909
 351  1449520449.98917508  1449520449.98920298  0.00002789
 352  1449520449.98920703  1449520449.98923612  0.00002909
 353  1449520449.98923993  1449520449.98926902  0.00002909
 354  1449520449.98927212  1449520449.98930097  0.00002885
 355  1449520449.98930502  1449520449.98933506  0.00003004
 356  1449520449.98933911  1449520449.98936796  0.00002885
 357  1449520449.98937106  1449520449.98939991  0.00002885
 358  1449520449.98940396  1449520449.98943210  0.00002813
 359  1449520449.98943591  1449520449.98946500  0.00002909
 360  1449520449.98946810  1449520449.98949695  0.00002885
 361  1449520449.98950005  1449520449.98952889  0.00002885
 362  1449520449.98953295  1449520449.98957801  0.00004506
 363  1449520449.98958397  1449520449.98961496  0.00003099
 364  1449520449.98961902  1449520449.98964691  0.00002789
 365  1449520449.98965096  1449520449.98968005  0.00002909
 366  1449520449.98968410  1449520449.98971200  0.00002789
 367  1449520449.98971605  1449520449.98974490  0.00002885
 368  1449520449.98974895  1449520449.98977709  0.00002813
 369  1449520449.98978090  1449520449.98981094  0.00003004
 370  1449520449.98981404  1449520449.98984909  0.00003505
 371  1449520449.98985291  1449520449.98988199  0.00002909
 372  1449520449.98988605  1449520449.98992705  0.00004101
 373  1449520449.98993111  1449520449.98995996  0.00002885
 374  1449520449.98996401  1449520449.98999310  0.00002909
 375  1449520449.98999596  1449520449.99002504  0.00002909
 376  1449520449.99002910  1449520449.99005699  0.00002789
 377  1449520449.99006104  1449520449.99008894  0.00002789
 378  1449520449.99009299  1449520449.99012208  0.00002909
 379  1449520449.99012589  1449520449.99015498  0.00002909
 380  1449520449.99015903  1449520449.99018788  0.00002885
 381  1449520449.99019098  1449520449.99022007  0.00002909
 382  1449520449.99022293  1449520449.99025202  0.00002909
 383  1449520449.99025512  1449520449.99028397  0.00002885
 384  1449520449.99028802  1449520449.99031711  0.00002909
 385  1449520449.99032092  1449520449.99034905  0.00002813
 386  1449520449.99035311  1449520449.99038196  0.00002885
 387  1449520449.99038506  1449520449.99041390  0.00002885
 388  1449520449.99041796  1449520449.99044704  0.00002909
 389  1449520449.99044991  1449520449.99047899  0.00002909
 390  1449520449.99048305  1449520449.99051094  0.00002789
 391  1449520449.99051499  1449520449.99057508  0.00006008
 392  1449520449.99058104  1449520449.99061108  0.00003004
 393  1449520449.99061489  1449520449.99064398  0.00002909
 394  1449520449.99064803  1449520449.99067712  0.00002909
 395  1449520449.99067998  1449520449.99070907  0.00002909
 396  1449520449.99071193  1449520449.99074101  0.00002909
 397  1449520449.99074507  1449520449.99077392  0.00002885
 398  1449520449.99077702  1449520449.99080706  0.00003004
 399  1449520449.99081111  1449520449.99084306  0.00003195
 400  1449520449.99084711  1449520449.99087596  0.00002885
 401  1449520449.99087906  1449520449.99090791  0.00002885
 402  1449520449.99091196  1449520449.99094009  0.00002813
 403  1449520449.99094391  1449520449.99097300  0.00002909
 404  1449520449.99097610  1449520449.99100494  0.00002885
 405  1449520449.99100900  1449520449.99103808  0.00002909
 406  1449520449.99104190  1449520449.99107099  0.00002909
 407  1449520449.99107504  1449520449.99110293  0.00002789
 408  1449520449.99110699  1449520449.99113488  0.00002789
 409  1449520449.99113894  1449520449.99116802  0.00002909
 410  1449520449.99117088  1449520449.99119997  0.00002909
 411  1449520449.99120402  1449520449.99123192  0.00002789
 412  1449520449.99123597  1449520449.99126601  0.00003004
 413  1449520449.99127007  1449520449.99129891  0.00002885
 414  1449520449.99130297  1449520449.99133205  0.00002909
 415  1449520449.99133492  1449520449.99136400  0.00002909
 416  1449520449.99136806  1449520449.99139690  0.00002885
 417  1449520449.99140096  1449520449.99142909  0.00002813
 418  1449520449.99143291  1449520449.99146104  0.00002813
 419  1449520449.99146509  1449520449.99149299  0.00002789
 420  1449520449.99149704  1449520449.99152589  0.00002885
 421  1449520449.99152899  1449520449.99157691  0.00004792
 422  1449520449.99158311  1449520449.99161506  0.00003195
 423  1449520449.99161792  1449520449.99164701  0.00002909
 424  1449520449.99165106  1449520449.99167991  0.00002885
 425  1449520449.99168396  1449520449.99171209  0.00002813
 426  1449520449.99171591  1449520449.99174595  0.00003004
 427  1449520449.99174905  1449520449.99177790  0.00002885
 428  1449520449.99178195  1449520449.99181104  0.00002909
 429  1449520449.99181509  1449520449.99184394  0.00002885
 430  1449520449.99184799  1449520449.99187589  0.00002789
 431  1449520449.99187994  1449520449.99190807  0.00002813
 432  1449520449.99191189  1449520449.99194098  0.00002909
 433  1449520449.99194503  1449520449.99197412  0.00002909
 434  1449520449.99197793  1449520449.99200702  0.00002909
 435  1449520449.99201107  1449520449.99203992  0.00002885
 436  1449520449.99204397  1449520449.99207306  0.00002909
 437  1449520449.99207592  1449520449.99210501  0.00002909
 438  1449520449.99210906  1449520449.99213696  0.00002789
 439  1449520449.99214101  1449520449.99217010  0.00002909
 440  1449520449.99217391  1449520449.99220204  0.00002813
 441  1449520449.99220610  1449520449.99223399  0.00002789
 442  1449520449.99223804  1449520449.99226689  0.00002885
 443  1449520449.99227095  1449520449.99229908  0.00002813
 444  1449520449.99230289  1449520449.99233198  0.00002909
 445  1449520449.99233508  1449520449.99236393  0.00002885
 446  1449520449.99236798  1449520449.99239707  0.00002909
 447  1449520449.99240088  1449520449.99242997  0.00002909
 448  1449520449.99243307  1449520449.99246192  0.00002885
 449  1449520449.99246597  1449520449.99249506  0.00002909
 450  1449520449.99249911  1449520449.99252701  0.00002789
 451  1449520449.99253106  1449520449.99257398  0.00004292
 452  1449520449.99257994  1449520449.99260998  0.00003004
 453  1449520449.99261403  1449520449.99264312  0.00002909
 454  1449520449.99264693  1449520449.99267507  0.00002813
 455  1449520449.99267912  1449520449.99270701  0.00002789
 456  1449520449.99271107  1449520449.99273992  0.00002885
 457  1449520449.99274397  1449520449.99277306  0.00002909
 458  1449520449.99277711  1449520449.99280810  0.00003099
 459  1449520449.99281096  1449520449.99284005  0.00002909
 460  1449520449.99284410  1449520449.99287200  0.00002789
 461  1449520449.99287605  1449520449.99290490  0.00002885
 462  1449520449.99290895  1449520449.99293709  0.00002813
 463  1449520449.99294090  1449520449.99296999  0.00002909
 464  1449520449.99297309  1449520449.99300194  0.00002885
 465  1449520449.99300599  1449520449.99303508  0.00002909
 466  1449520449.99303889  1449520449.99306703  0.00002813
 467  1449520449.99307108  1449520449.99309897  0.00002789
 468  1449520449.99310303  1449520449.99313092  0.00002789
 469  1449520449.99313498  1449520449.99316406  0.00002909
 470  1449520449.99316812  1449520449.99319601  0.00002789
 471  1449520449.99320006  1449520449.99322796  0.00002789
 472  1449520449.99323201  1449520449.99326110  0.00002909
 473  1449520449.99326396  1449520449.99329305  0.00002909
 474  1449520449.99329591  1449520449.99332500  0.00002909
 475  1449520449.99332905  1449520449.99335790  0.00002885
 476  1449520449.99336195  1449520449.99339104  0.00002909
 477  1449520449.99339390  1449520449.99342299  0.00002909
 478  1449520449.99342704  1449520449.99345493  0.00002789
 479  1449520449.99345899  1449520449.99348688  0.00002789
 480  1449520449.99349093  1449520449.99352098  0.00003004
 481  1449520449.99352407  1449520449.99357510  0.00005102
 482  1449520449.99358010  1449520449.99360991  0.00002980
 483  1449520449.99361396  1449520449.99364305  0.00002909
 484  1449520449.99364710  1449520449.99367595  0.00002885
 485  1449520449.99368000  1449520449.99370790  0.00002789
 486  1449520449.99371195  1449520449.99374008  0.00002813
 487  1449520449.99374390  1449520449.99377298  0.00002909
 488  1449520449.99377608  1449520449.99381208  0.00003600
 489  1449520449.99381590  1449520449.99384689  0.00003099
 490  1449520449.99385095  1449520449.99387908  0.00002813
 491  1449520449.99388289  1449520449.99391198  0.00002909
 492  1449520449.99391603  1449520449.99394488  0.00002885
 493  1449520449.99394894  1449520449.99397802  0.00002909
 494  1449520449.99398208  1449520449.99400997  0.00002789
 495  1449520449.99401402  1449520449.99404192  0.00002789
 496  1449520449.99404597  1449520449.99407506  0.00002909
 497  1449520449.99407911  1449520449.99410796  0.00002885
 498  1449520449.99411201  1449520449.99414110  0.00002909
 499  1449520449.99414492  1449520449.99417305  0.00002813
 500  1449520449.99417710  1449520449.99420500  0.00002789
 501  1449520449.99420905  1449520449.99423790  0.00002885
 502  1449520449.99424100  1449520449.99427009  0.00002909
 503  1449520449.99427390  1449520449.99430299  0.00002909
 504  1449520449.99430704  1449520449.99433589  0.00002885
 505  1449520449.99433899  1449520449.99436808  0.00002909
 506  1449520449.99437094  1449520449.99440002  0.00002909
 507  1449520449.99440408  1449520449.99443197  0.00002789
 508  1449520449.99443603  1449520449.99446511  0.00002909
 509  1449520449.99446893  1449520449.99449706  0.00002813
 510  1449520449.99449992  1449520449.99452901  0.00002909
 511  1449520449.99453306  1449520449.99457693  0.00004387
 512  1449520449.99458289  1449520449.99461389  0.00003099
 513  1449520449.99461794  1449520449.99464607  0.00002813
 514  1449520449.99464989  1449520449.99467802  0.00002813
 515  1449520449.99468207  1449520449.99471092  0.00002885
 516  1449520449.99471498  1449520449.99474406  0.00002909
 517  1449520449.99474692  1449520449.99477601  0.00002909
 518  1449520449.99477911  1449520449.99480796  0.00002885
 519  1449520449.99481201  1449520449.99484110  0.00002909
 520  1449520449.99484491  1449520449.99487400  0.00002909
 521  1449520449.99487710  1449520449.99490690  0.00002980
 522  1449520449.99491000  1449520449.99493909  0.00002909
 523  1449520449.99494195  1449520449.99497104  0.00002909
 524  1449520449.99497509  1449520449.99500299  0.00002789
 525  1449520449.99500704  1449520449.99503493  0.00002789
 526  1449520449.99503899  1449520449.99506688  0.00002789
 527  1449520449.99507093  1449520449.99509907  0.00002813
 528  1449520449.99510288  1449520449.99513197  0.00002909
 529  1449520449.99513602  1449520449.99516392  0.00002789
 530  1449520449.99516797  1449520449.99519706  0.00002909
 531  1449520449.99519992  1449520449.99522901  0.00002909
 532  1449520449.99523306  1449520449.99526095  0.00002789
 533  1449520449.99526501  1449520449.99529505  0.00003004
 534  1449520449.99529910  1449520449.99532700  0.00002789
 535  1449520449.99533105  1449520449.99535894  0.00002789
 536  1449520449.99536300  1449520449.99539089  0.00002789
 537  1449520449.99539495  1449520449.99542308  0.00002813
 538  1449520449.99542689  1449520449.99545598  0.00002909
 539  1449520449.99545908  1449520449.99548697  0.00002789
 540  1449520449.99549103  1449520449.99552011  0.00002909
 541  1449520449.99552298  1449520449.99557495  0.00005198
 542  1449520449.99558091  1449520449.99561095  0.00003004
 543  1449520449.99561501  1449520449.99564409  0.00002909
 544  1449520449.99564695  1449520449.99567604  0.00002909
 545  1449520449.99568009  1449520449.99570894  0.00002885
 546  1449520449.99571204  1449520449.99574089  0.00002885
 547  1449520449.99574399  1449520449.99577308  0.00002909
 548  1449520449.99577689  1449520449.99580693  0.00003004
 549  1449520449.99581099  1449520449.99583912  0.00002813
 550  1449520449.99584293  1449520449.99587202  0.00002909
 551  1449520449.99587607  1449520449.99590397  0.00002789
 552  1449520449.99590802  1449520449.99593711  0.00002909
 553  1449520449.99593997  1449520449.99596906  0.00002909
 554  1449520449.99597311  1449520449.99600196  0.00002885
 555  1449520449.99600601  1449520449.99603510  0.00002909
 556  1449520449.99603796  1449520449.99606705  0.00002909
 557  1449520449.99607110  1449520449.99609995  0.00002885
 558  1449520449.99610400  1449520449.99613190  0.00002789
 559  1449520449.99613595  1449520449.99616504  0.00002909
 560  1449520449.99616790  1449520449.99619699  0.00002909
 561  1449520449.99620104  1449520449.99622989  0.00002885
 562  1449520449.99623299  1449520449.99626207  0.00002909
 563  1449520449.99626589  1449520449.99629402  0.00002813
 564  1449520449.99629807  1449520449.99632597  0.00002789
 565  1449520449.99633002  1449520449.99635911  0.00002909
 566  1449520449.99636197  1449520449.99639106  0.00002909
 567  1449520449.99639511  1449520449.99642301  0.00002789
 568  1449520449.99642706  1449520449.99645591  0.00002885
 569  1449520449.99645901  1449520449.99648809  0.00002909
 570  1449520449.99649191  1449520449.99652100  0.00002909
 571  1449520449.99652410  1449520449.99657702  0.00005293
 572  1449520449.99658298  1449520449.99661398  0.00003099
 573  1449520449.99661803  1449520449.99664688  0.00002885
 574  1449520449.99665093  1449520449.99667907  0.00002813
 575  1449520449.99668288  1449520449.99671102  0.00002813
 576  1449520449.99671507  1449520449.99674392  0.00002885
 577  1449520449.99674702  1449520449.99677610  0.00002909
 578  1449520449.99677992  1449520449.99680901  0.00002909
 579  1449520449.99681306  1449520449.99684501  0.00003195
 580  1449520449.99684906  1449520449.99687696  0.00002789
 581  1449520449.99688101  1449520449.99690890  0.00002789
 582  1449520449.99691296  1449520449.99694109  0.00002813
 583  1449520449.99694490  1449520449.99697304  0.00002813
 584  1449520449.99697709  1449520449.99700594  0.00002885
 585  1449520449.99700999  1449520449.99703789  0.00002789
 586  1449520449.99704194  1449520449.99707103  0.00002909
 587  1449520449.99707389  1449520449.99710298  0.00002909
 588  1449520449.99710608  1449520449.99713492  0.00002885
 589  1449520449.99713898  1449520449.99716711  0.00002813
 590  1449520449.99717093  1449520449.99720001  0.00002909
 591  1449520449.99720311  1449520449.99723196  0.00002885
 592  1449520449.99723506  1449520449.99726391  0.00002885
 593  1449520449.99726796  1449520449.99729609  0.00002813
 594  1449520449.99729991  1449520449.99732804  0.00002813
 595  1449520449.99733210  1449520449.99736094  0.00002885
 596  1449520449.99736404  1449520449.99739289  0.00002885
 597  1449520449.99739599  1449520449.99742508  0.00002909
 598  1449520449.99742889  1449520449.99745703  0.00002813
 599  1449520449.99746108  1449520449.99748898  0.00002789
 600  1449520449.99749303  1449520449.99752212  0.00002909
 601  1449520449.99752498  1449520449.99757504  0.00005007
 602  1449520449.99758005  1449520449.99761200  0.00003195
 603  1449520449.99761605  1449520449.99764395  0.00002789
 604  1449520449.99764800  1449520449.99767590  0.00002789
 605  1449520449.99767995  1449520449.99770904  0.00002909
 606  1449520449.99771309  1449520449.99774194  0.00002885
 607  1449520449.99774504  1449520449.99777293  0.00002789
 608  1449520449.99777699  1449520449.99780703  0.00003004
 609  1449520449.99781108  1449520449.99783993  0.00002885
 610  1449520449.99784398  1449520449.99787211  0.00002813
 611  1449520449.99787593  1449520449.99790502  0.00002909
 612  1449520449.99790907  1449520449.99793792  0.00002885
 613  1449520449.99794197  1449520449.99797106  0.00002909
 614  1449520449.99797392  1449520449.99800301  0.00002909
 615  1449520449.99800611  1449520449.99803400  0.00002789
 616  1449520449.99803805  1449520449.99806690  0.00002885
 617  1449520449.99807000  1449520449.99809909  0.00002909
 618  1449520449.99810290  1449520449.99813199  0.00002909
 619  1449520449.99813509  1449520449.99816298  0.00002789
 620  1449520449.99816704  1449520449.99819589  0.00002885
 621  1449520449.99819994  1449520449.99822807  0.00002813
 622  1449520449.99823189  1449520449.99826002  0.00002813
 623  1449520449.99826407  1449520449.99829292  0.00002885
 624  1449520449.99829698  1449520449.99832511  0.00002813
 625  1449520449.99832892  1449520449.99835801  0.00002909
 626  1449520449.99836206  1449520449.99838996  0.00002789
 627  1449520449.99839401  1449520449.99842191  0.00002789
 628  1449520449.99842596  1449520449.99845409  0.00002813
 629  1449520449.99845791  1449520449.99848700  0.00002909
 630  1449520449.99849105  1449520449.99851894  0.00002789
 631  1449520449.99852300  1449520449.99857807  0.00005507
 632  1449520449.99858308  1449520449.99861407  0.00003099
 633  1449520449.99861789  1449520449.99864697  0.00002909
 634  1449520449.99865007  1449520449.99867892  0.00002885
 635  1449520449.99868202  1449520449.99871111  0.00002909
 636  1449520449.99871492  1449520449.99874401  0.00002909
 637  1449520449.99874806  1449520449.99877596  0.00002789
 638  1449520449.99877906  1449520449.99880791  0.00002885
 639  1449520449.99881196  1449520449.99884105  0.00002909
 640  1449520449.99884391  1449520449.99887300  0.00002909
 641  1449520449.99887705  1449520449.99890590  0.00002885
 642  1449520449.99890900  1449520449.99893808  0.00002909
 643  1449520449.99894094  1449520449.99897003  0.00002909
 644  1449520449.99897408  1449520449.99900198  0.00002789
 645  1449520449.99900603  1449520449.99903393  0.00002789
 646  1449520449.99903798  1449520449.99906707  0.00002909
 647  1449520449.99906993  1449520449.99909806  0.00002813
 648  1449520449.99910212  1449520449.99913096  0.00002885
 649  1449520449.99913406  1449520449.99916291  0.00002885
 650  1449520449.99916697  1449520449.99919510  0.00002813
 651  1449520449.99919891  1449520449.99922705  0.00002813
 652  1449520449.99923110  1449520449.99925900  0.00002789
 653  1449520449.99926305  1449520449.99929094  0.00002789
 654  1449520449.99929500  1449520449.99932408  0.00002909
 655  1449520449.99932790  1449520449.99935603  0.00002813
 656  1449520449.99936008  1449520449.99938893  0.00002885
 657  1449520449.99939299  1449520449.99942088  0.00002789
 658  1449520449.99942493  1449520449.99945402  0.00002909
 659  1449520449.99945688  1449520449.99948597  0.00002909
 660  1449520449.99949002  1449520449.99951792  0.00002789
 661  1449520449.99952197  1449520449.99957490  0.00005293
 662  1449520449.99957991  1449520449.99961090  0.00003099
 663  1449520449.99961400  1449520449.99964309  0.00002909
 664  1449520449.99964690  1449520449.99967504  0.00002813
 665  1449520449.99967909  1449520449.99970698  0.00002789
 666  1449520449.99971104  1449520449.99973989  0.00002885
 667  1449520449.99974394  1449520449.99977303  0.00002909
 668  1449520449.99977708  1449520449.99980593  0.00002885
 669  1449520449.99980903  1449520449.99983907  0.00003004
 670  1449520449.99984288  1449520449.99987102  0.00002813
 671  1449520449.99987507  1449520449.99990296  0.00002789
 672  1449520449.99990606  1449520449.99993491  0.00002885
 673  1449520449.99993896  1449520449.99996805  0.00002909
 674  1449520449.99997091  1449520450.00000000  0.00002909
 675  1449520450.00000405  1449520450.00003195  0.00002789
 676  1449520450.00003600  1449520450.00006509  0.00002909
 677  1449520450.00006795  1449520450.00009704  0.00002909
 678  1449520450.00010109  1449520450.00012898  0.00002789
 679  1449520450.00013304  1449520450.00016093  0.00002789
 680  1449520450.00016499  1449520450.00019407  0.00002909
 681  1449520450.00019693  1449520450.00022602  0.00002909
 682  1449520450.00022888  1449520450.00025797  0.00002909
 683  1449520450.00026107  1449520450.00028992  0.00002885
 684  1449520450.00029302  1449520450.00032210  0.00002909
 685  1449520450.00032496  1449520450.00035501  0.00003004
 686  1449520450.00035810  1449520450.00038695  0.00002885
 687  1449520450.00039005  1449520450.00041795  0.00002789
 688  1449520450.00042200  1449520450.00045109  0.00002909
 689  1449520450.00045395  1449520450.00048304  0.00002909
 690  1449520450.00048709  1449520450.00051498  0.00002789
 691  1449520450.00051904  1449520450.00057793  0.00005889
 692  1449520450.00058389  1449520450.00061488  0.00003099
 693  1449520450.00061798  1449520450.00064707  0.00002909
 694  1449520450.00064993  1449520450.00067997  0.00003004
 695  1449520450.00068307  1449520450.00071096  0.00002789
 696  1449520450.00071502  1449520450.00074410  0.00002909
 697  1449520450.00074792  1449520450.00077605  0.00002813
 698  1449520450.00077891  1449520450.00081205  0.00003314
 699  1449520450.00081491  1449520450.00084400  0.00002909
 700  1449520450.00084710  1449520450.00087595  0.00002885
 701  1449520450.00087905  1449520450.00090694  0.00002789
 702  1449520450.00091100  1449520450.00094008  0.00002909
 703  1449520450.00094295  1449520450.00097108  0.00002813
 704  1449520450.00097489  1449520450.00100303  0.00002813
 705  1449520450.00100589  1449520450.00103498  0.00002909
 706  1449520450.00103807  1449520450.00106597  0.00002789
 707  1449520450.00107002  1449520450.00109792  0.00002789
 708  1449520450.00110197  1449520450.00113010  0.00002813
 709  1449520450.00113392  1449520450.00116205  0.00002813
 710  1449520450.00116611  1449520450.00119400  0.00002789
 711  1449520450.00119805  1449520450.00122595  0.00002789
 712  1449520450.00123000  1449520450.00126004  0.00003004
 713  1449520450.00126410  1449520450.00129199  0.00002789
 714  1449520450.00129604  1449520450.00132489  0.00002885
 715  1449520450.00132799  1449520450.00135708  0.00002909
 716  1449520450.00135994  1449520450.00138807  0.00002813
 717  1449520450.00139189  1449520450.00142097  0.00002909
 718  1449520450.00142503  1449520450.00145292  0.00002789
 719  1449520450.00145602  1449520450.00148511  0.00002909
 720  1449520450.00148892  1449520450.00151801  0.00002909
 721  1449520450.00152111  1449520450.00157499  0.00005388
 722  1449520450.00158095  1449520450.00161099  0.00003004
 723  1449520450.00161409  1449520450.00164294  0.00002885
 724  1449520450.00164604  1449520450.00167489  0.00002885
 725  1449520450.00167799  1449520450.00170708  0.00002909
 726  1449520450.00171089  1449520450.00173998  0.00002909
 727  1449520450.00174308  1449520450.00177193  0.00002885
 728  1449520450.00177598  1449520450.00182390  0.00004792
 729  1449520450.00182700  1449520450.00185609  0.00002909
 730  1449520450.00185990  1449520450.00188804  0.00002813
 731  1449520450.00189209  1449520450.00191998  0.00002789
 732  1449520450.00192404  1449520450.00195289  0.00002885
 733  1449520450.00195599  1449520450.00198507  0.00002909
 734  1449520450.00198793  1449520450.00201702  0.00002909
 735  1449520450.00202107  1449520450.00204992  0.00002885
 736  1449520450.00205302  1449520450.00208092  0.00002789
 737  1449520450.00208497  1449520450.00211310  0.00002813
 738  1449520450.00211692  1449520450.00214505  0.00002813
 739  1449520450.00214911  1449520450.00217700  0.00002789
 740  1449520450.00218105  1449520450.00220895  0.00002789
 741  1449520450.00221300  1449520450.00224209  0.00002909
 742  1449520450.00224495  1449520450.00227404  0.00002909
 743  1449520450.00227690  1449520450.00230598  0.00002909
 744  1449520450.00231004  1449520450.00233889  0.00002885
 745  1449520450.00234294  1449520450.00237203  0.00002909
 746  1449520450.00237489  1449520450.00240397  0.00002909
 747  1449520450.00240707  1449520450.00243497  0.00002789
 748  1449520450.00243902  1449520450.00246692  0.00002789
 749  1449520450.00247097  1449520450.00249910  0.00002813
 750  1449520450.00250292  1449520450.00253105  0.00002813
 751  1449520450.00253510  1449520450.00257611  0.00004101
 752  1449520450.00258088  1449520450.00261092  0.00003004
 753  1449520450.00261497  1449520450.00264311  0.00002813
 754  1449520450.00264692  1449520450.00267506  0.00002813
 755  1449520450.00267911  1449520450.00270700  0.00002789
 756  1449520450.00271010  1449520450.00273895  0.00002885
 757  1449520450.00274301  1449520450.00277090  0.00002789
 758  1449520450.00277400  1449520450.00280595  0.00003195
 759  1449520450.00280905  1449520450.00283790  0.00002885
 760  1449520450.00284195  1449520450.00287008  0.00002813
 761  1449520450.00287390  1449520450.00290298  0.00002909
 762  1449520450.00290608  1449520450.00293589  0.00002980
 763  1449520450.00293899  1449520450.00296807  0.00002909
 764  1449520450.00297093  1449520450.00300097  0.00003004
 765  1449520450.00300407  1449520450.00303292  0.00002885
 766  1449520450.00303698  1449520450.00306606  0.00002909
 767  1449520450.00306892  1449520450.00309706  0.00002813
 768  1449520450.00310111  1449520450.00312996  0.00002885
 769  1449520450.00313306  1449520450.00316191  0.00002885
 770  1449520450.00316596  1449520450.00319409  0.00002813
 771  1449520450.00319791  1449520450.00322604  0.00002813
 772  1449520450.00322890  1449520450.00325799  0.00002909
 773  1449520450.00326109  1449520450.00328994  0.00002885
 774  1449520450.00329399  1449520450.00332189  0.00002789
 775  1449520450.00332594  1449520450.00335407  0.00002813
 776  1449520450.00335693  1449520450.00338602  0.00002909
 777  1449520450.00339007  1449520450.00341797  0.00002789
 778  1449520450.00342202  1449520450.00344992  0.00002789
 779  1449520450.00345397  1449520450.00348210  0.00002813
 780  1449520450.00348592  1449520450.00351405  0.00002813
 781  1449520450.00351810  1449520450.00357795  0.00005984
 782  1449520450.00358295  1449520450.00361395  0.00003099
 783  1449520450.00361800  1449520450.00364590  0.00002789
 784  1449520450.00364995  1449520450.00367904  0.00002909
 785  1449520450.00368190  1449520450.00371099  0.00002909
 786  1449520450.00371504  1449520450.00374293  0.00002789
 787  1449520450.00374699  1449520450.00377488  0.00002789
 788  1449520450.00377893  1449520450.00380707  0.00002813
 789  1449520450.00381088  1449520450.00383997  0.00002909
 790  1449520450.00384402  1449520450.00387192  0.00002789
 791  1449520450.00387597  1449520450.00390410  0.00002813
 792  1449520450.00390792  1449520450.00393605  0.00002813
 793  1449520450.00394011  1449520450.00396895  0.00002885
 794  1449520450.00397301  1449520450.00400090  0.00002789
 795  1449520450.00400496  1449520450.00403309  0.00002813
 796  1449520450.00403690  1449520450.00406504  0.00002813
 797  1449520450.00406790  1449520450.00409698  0.00002909
 798  1449520450.00410104  1449520450.00412989  0.00002885
 799  1449520450.00413299  1449520450.00416207  0.00002909
 800  1449520450.00416493  1449520450.00419402  0.00002909
 801  1449520450.00419807  1449520450.00422597  0.00002789
 802  1449520450.00423002  1449520450.00425792  0.00002789
 803  1449520450.00426197  1449520450.00429010  0.00002813
 804  1449520450.00429392  1449520450.00432301  0.00002909
 805  1449520450.00432611  1449520450.00435400  0.00002789
 806  1449520450.00435805  1449520450.00438690  0.00002885
 807  1449520450.00439000  1449520450.00441909  0.00002909
 808  1449520450.00442195  1449520450.00445104  0.00002909
 809  1449520450.00445390  1449520450.00448298  0.00002909
 810  1449520450.00448704  1449520450.00451493  0.00002789
 811  1449520450.00451803  1449520450.00457501  0.00005698
 812  1449520450.00458002  1449520450.00461102  0.00003099
 813  1449520450.00461411  1449520450.00464296  0.00002885
 814  1449520450.00464606  1449520450.00467396  0.00002789
 815  1449520450.00467801  1449520450.00470591  0.00002789
 816  1449520450.00470901  1449520450.00473809  0.00002909
 817  1449520450.00474191  1449520450.00477004  0.00002813
 818  1449520450.00477409  1449520450.00480509  0.00003099
 819  1449520450.00480795  1449520450.00483704  0.00002909
 820  1449520450.00484109  1449520450.00486898  0.00002789
 821  1449520450.00487304  1449520450.00490093  0.00002789
 822  1449520450.00490499  1449520450.00493312  0.00002813
 823  1449520450.00493693  1449520450.00496507  0.00002813
 824  1449520450.00496888  1449520450.00499797  0.00002909
 825  1449520450.00500107  1449520450.00502992  0.00002885
 826  1449520450.00503397  1449520450.00506210  0.00002813
 827  1449520450.00506592  1449520450.00509405  0.00002813
 828  1449520450.00509810  1449520450.00512600  0.00002789
 829  1449520450.00513005  1449520450.00515795  0.00002789
 830  1449520450.00516200  1449520450.00518990  0.00002789
 831  1449520450.00519395  1449520450.00522208  0.00002813
 832  1449520450.00522590  1449520450.00525498  0.00002909
 833  1449520450.00525808  1449520450.00528693  0.00002885
 834  1449520450.00529003  1449520450.00531912  0.00002909
 835  1449520450.00532198  1449520450.00535107  0.00002909
 836  1449520450.00535393  1449520450.00538397  0.00003004
 837  1449520450.00538707  1449520450.00541592  0.00002885
 838  1449520450.00541902  1449520450.00544810  0.00002909
 839  1449520450.00545096  1449520450.00547910  0.00002813
 840  1449520450.00548291  1449520450.00551200  0.00002909
 841  1449520450.00551510  1449520450.00557709  0.00006199
 842  1449520450.00558305  1449520450.00561404  0.00003099
 843  1449520450.00561810  1449520450.00564599  0.00002789
 844  1449520450.00565004  1449520450.00567794  0.00002789
 845  1449520450.00568199  1449520450.00571108  0.00002909
 846  1449520450.00571394  1449520450.00574207  0.00002813
 847  1449520450.00574589  1449520450.00577497  0.00002909
 848  1449520450.00577807  1449520450.00580692  0.00002885
 849  1449520450.00581098  1449520450.00583911  0.00002813
 850  1449520450.00584292  1449520450.00587201  0.00002909
 851  1449520450.00587606  1449520450.00590491  0.00002885
 852  1449520450.00590801  1449520450.00593710  0.00002909
 853  1449520450.00593996  1449520450.00596905  0.00002909
 854  1449520450.00597310  1449520450.00600100  0.00002789
 855  1449520450.00600505  1449520450.00603294  0.00002789
 856  1449520450.00603700  1449520450.00606608  0.00002909
 857  1449520450.00606894  1449520450.00609803  0.00002909
 858  1449520450.00610209  1449520450.00612998  0.00002789
 859  1449520450.00613403  1449520450.00616288  0.00002885
 860  1449520450.00616598  1449520450.00619507  0.00002909
 861  1449520450.00619888  1449520450.00622702  0.00002813
 862  1449520450.00623012  1449520450.00625896  0.00002885
 863  1449520450.00626302  1449520450.00629091  0.00002789
 864  1449520450.00629497  1449520450.00632310  0.00002813
 865  1449520450.00632691  1449520450.00635505  0.00002813
 866  1449520450.00635910  1449520450.00638700  0.00002789
 867  1449520450.00639105  1449520450.00641894  0.00002789
 868  1449520450.00642300  1449520450.00645089  0.00002789
 869  1449520450.00645494  1449520450.00648308  0.00002813
 870  1449520450.00648689  1449520450.00651503  0.00002813
 871  1449520450.00651789  1449520450.00657511  0.00005722
 872  1449520450.00658011  1449520450.00661111  0.00003099
 873  1449520450.00661397  1449520450.00664306  0.00002909
 874  1449520450.00664711  1449520450.00667596  0.00002885
 875  1449520450.00667906  1449520450.00670791  0.00002885
 876  1449520450.00671101  1449520450.00674009  0.00002909
 877  1449520450.00674295  1449520450.00677204  0.00002909
 878  1449520450.00677609  1449520450.00680590  0.00002980
 879  1449520450.00680900  1449520450.00683808  0.00002909
 880  1449520450.00684190  1449520450.00687003  0.00002813
 881  1449520450.00687408  1449520450.00690198  0.00002789
 882  1449520450.00690603  1449520450.00693488  0.00002885
 883  1449520450.00693798  1449520450.00696611  0.00002813
 884  1449520450.00696993  1449520450.00699902  0.00002909
 885  1449520450.00700212  1449520450.00703001  0.00002789
 886  1449520450.00703406  1449520450.00706196  0.00002789
 887  1449520450.00706601  1449520450.00709391  0.00002789
 888  1449520450.00709701  1449520450.00712609  0.00002909
 889  1449520450.00712991  1449520450.00715804  0.00002813
 890  1449520450.00716209  1449520450.00719500  0.00003290
 891  1449520450.00719905  1449520450.00722694  0.00002789
 892  1449520450.00723100  1449520450.00726008  0.00002909
 893  1449520450.00726390  1449520450.00729203  0.00002813
 894  1449520450.00729489  1449520450.00732398  0.00002909
 895  1449520450.00732708  1449520450.00735593  0.00002885
 896  1449520450.00735998  1449520450.00738907  0.00002909
 897  1449520450.00739193  1449520450.00742102  0.00002909
 898  1449520450.00742412  1449520450.00745392  0.00002980
 899  1449520450.00745702  1449520450.00748610  0.00002909
 900  1449520450.00748897  1449520450.00751805  0.00002909
 901  1449520450.00752211  1449520450.00757694  0.00005484
 902  1449520450.00758290  1449520450.00761294  0.00003004
 903  1449520450.00761700  1449520450.00764608  0.00002909
 904  1449520450.00764990  1449520450.00767899  0.00002909
 905  1449520450.00768209  1449520450.00771093  0.00002885
 906  1449520450.00771499  1449520450.00774288  0.00002789
 907  1449520450.00774693  1449520450.00777507  0.00002813
 908  1449520450.00777793  1449520450.00780702  0.00002909
 909  1449520450.00781107  1449520450.00783896  0.00002789
 910  1449520450.00784302  1449520450.00787091  0.00002789
 911  1449520450.00787497  1449520450.00790310  0.00002813
 912  1449520450.00790691  1449520450.00793505  0.00002813
 913  1449520450.00793910  1449520450.00796700  0.00002789
 914  1449520450.00797105  1449520450.00799990  0.00002885
 915  1449520450.00800300  1449520450.00803208  0.00002909
 916  1449520450.00803494  1449520450.00806308  0.00002813
 917  1449520450.00806689  1449520450.00809598  0.00002909
 918  1449520450.00809908  1449520450.00812793  0.00002885
 919  1449520450.00813103  1449520450.00816011  0.00002909
 920  1449520450.00816393  1449520450.00819302  0.00002909
 921  1449520450.00819612  1449520450.00822592  0.00002980
 922  1449520450.00822997  1449520450.00825810  0.00002813
 923  1449520450.00826192  1449520450.00829005  0.00002813
 924  1449520450.00829411  1449520450.00832200  0.00002789
 925  1449520450.00832605  1449520450.00835395  0.00002789
 926  1449520450.00835800  1449520450.00838590  0.00002789
 927  1449520450.00838995  1449520450.00841904  0.00002909
 928  1449520450.00842190  1449520450.00845098  0.00002909
 929  1449520450.00845504  1449520450.00848293  0.00002789
 930  1449520450.00848699  1449520450.00851488  0.00002789
 931  1449520450.00851798  1449520450.00857496  0.00005698
 932  1449520450.00857997  1449520450.00861096  0.00003099
 933  1449520450.00861406  1449520450.00864291  0.00002885
 934  1449520450.00864697  1449520450.00867605  0.00002909
 935  1449520450.00867891  1449520450.00870895  0.00003004
 936  1449520450.00871301  1449520450.00874209  0.00002909
 937  1449520450.00874496  1449520450.00877309  0.00002813
 938  1449520450.00877690  1449520450.00881004  0.00003314
 939  1449520450.00881410  1449520450.00884199  0.00002789
 940  1449520450.00884604  1449520450.00887489  0.00002885
 941  1449520450.00887799  1449520450.00890589  0.00002789
 942  1449520450.00890994  1449520450.00893807  0.00002813
 943  1449520450.00894094  1449520450.00897002  0.00002909
 944  1449520450.00897408  1449520450.00900292  0.00002885
 945  1449520450.00900602  1449520450.00903511  0.00002909
 946  1449520450.00903797  1449520450.00906706  0.00002909
 947  1449520450.00906992  1449520450.00909805  0.00002813
 948  1449520450.00910211  1449520450.00913095  0.00002885
 949  1449520450.00913501  1449520450.00916290  0.00002789
 950  1449520450.00916696  1449520450.00919509  0.00002813
 951  1449520450.00919890  1449520450.00922799  0.00002909
 952  1449520450.00923109  1449520450.00925994  0.00002885
 953  1449520450.00926399  1449520450.00929189  0.00002789
 954  1449520450.00929499  1449520450.00932407  0.00002909
 955  1449520450.00932693  1449520450.00935602  0.00002909
 956  1449520450.00935888  1449520450.00938797  0.00002909
 957  1449520450.00939107  1449520450.00941992  0.00002885
 958  1449520450.00942302  1449520450.00945210  0.00002909
 959  1449520450.00945497  1449520450.00948405  0.00002909
 960  1449520450.00948811  1449520450.00951600  0.00002789
 961  1449520450.00952005  1449520450.00957489  0.00005484
 962  1449520450.00957990  1449520450.00961089  0.00003099
 963  1449520450.00961399  1449520450.00964308  0.00002909
 964  1449520450.00964594  1449520450.00967503  0.00002909
 965  1449520450.00967908  1449520450.00970697  0.00002789
 966  1449520450.00971103  1449520450.00973892  0.00002789
 967  1449520450.00974298  1449520450.00977111  0.00002813
 968  1449520450.00977492  1449520450.00980592  0.00003099
 969  1449520450.00980997  1449520450.00983810  0.00002813
 970  1449520450.00984097  1449520450.00987005  0.00002909
 971  1449520450.00987411  1449520450.00990200  0.00002789
 972  1449520450.00990510  1449520450.00993395  0.00002885
 973  1449520450.00993705  1449520450.00996590  0.00002885
 974  1449520450.00996995  1449520450.00999808  0.00002813
 975  1449520450.01000190  1449520450.01003003  0.00002813
 976  1449520450.01003408  1449520450.01006198  0.00002789
 977  1449520450.01006603  1449520450.01009393  0.00002789
 978  1449520450.01009798  1449520450.01012611  0.00002813
 979  1449520450.01012993  1449520450.01015806  0.00002813
 980  1449520450.01016212  1449520450.01019001  0.00002789
 981  1449520450.01019406  1449520450.01022196  0.00002789
 982  1449520450.01022601  1449520450.01025391  0.00002789
 983  1449520450.01025796  1449520450.01028609  0.00002813
 984  1449520450.01028991  1449520450.01031804  0.00002813
 985  1449520450.01032209  1449520450.01034999  0.00002789
 986  1449520450.01035404  1449520450.01038194  0.00002789
 987  1449520450.01038599  1449520450.01041508  0.00002909
 988  1449520450.01041794  1449520450.01044703  0.00002909
 989  1449520450.01044989  1449520450.01047802  0.00002813
 990  1449520450.01048207  1449520450.01051092  0.00002885
 991  1449520450.01051497  1449520450.01057911  0.00006413
 992  1449520450.01058507  1449520450.01061606  0.00003099
 993  1449520450.01061893  1449520450.01064801  0.00002909
 994  1449520450.01065111  1449520450.01067996  0.00002885
 995  1449520450.01068401  1449520450.01071191  0.00002789
 996  1449520450.01071501  1449520450.01074409  0.00002909
 997  1449520450.01074791  1449520450.01077604  0.00002813
 998  1449520450.01077890  1449520450.01080894  0.00003004
 999  1449520450.01081204  1449520450.01084208  0.00003004
1000  1449520450.01084495  1449520450.01087308  0.00002813
***************************************************

*** Avg round trip time = 31 microseconds
*** Avg one way latency = 15 microseconds
task 1 has started...
