2Th_lab5
Time 0.084047
2Th_lab5
Time 0.084624
2Th_lab5
Time 0.081694
2Th_lab5
Time 0.081719
2Th_lab5
Time 0.081640
2Th_lab5
Time 0.081677
2Th_lab5
Time 0.081714
2Th_lab5
Time 0.081382
2Th_lab5
Time 0.081764
2Th_lab5
Time 0.081636
4Th_lab5
Time 0.127683
4Th_lab5
Time 0.125032
4Th_lab5
Time 0.124670
4Th_lab5
Time 0.123545
4Th_lab5
Time 0.124711
4Th_lab5
Time 0.123548
4Th_lab5
Time 0.124486
4Th_lab5
Time 0.123710
4Th_lab5
Time 0.124612
4Th_lab5
Time 0.123753
8Th_lab5
Time 0.168747
8Th_lab5
Time 0.167728
8Th_lab5
Time 0.167686
8Th_lab5
Time 0.167570
8Th_lab5
Time 0.167651
8Th_lab5
Time 0.167658
8Th_lab5
Time 0.167501
8Th_lab5
Time 0.167647
8Th_lab5
Time 0.167072
8Th_lab5
Time 0.167622
16Th_lab5
Time 0.178590
16Th_lab5
Time 0.173680
16Th_lab5
Time 0.173581
16Th_lab5
Time 0.173485
16Th_lab5
Time 0.173584
16Th_lab5
Time 0.173674
16Th_lab5
Time 0.174618
16Th_lab5
Time 0.173633
16Th_lab5
Time 0.173918
16Th_lab5
Time 0.173602
32Th_lab5
Time 0.222905
32Th_lab5
Time 0.221593
32Th_lab5
Time 0.221800
32Th_lab5
Time 0.219615
32Th_lab5
Time 0.221753
32Th_lab5
Time 0.222715
32Th_lab5
Time 0.220585
32Th_lab5
Time 0.221764
32Th_lab5
Time 0.259743
32Th_lab5
Time 0.221760
2Th_lab5
Time 0.081610
2Th_lab5
Time 0.081704
2Th_lab5
Time 0.081577
2Th_lab5
Time 0.081573
2Th_lab5
Time 0.082654
2Th_lab5
Time 0.081612
2Th_lab5
Time 0.082316
2Th_lab5
Time 0.081733
2Th_lab5
Time 0.081666
2Th_lab5
Time 0.081831
4Th_lab5
Time 0.124582
4Th_lab5
Time 0.124695
4Th_lab5
Time 0.124646
4Th_lab5
Time 0.125786
4Th_lab5
Time 0.124584
4Th_lab5
Time 0.124562
4Th_lab5
Time 0.124684
4Th_lab5
Time 0.125554
4Th_lab5
Time 0.124707
4Th_lab5
Time 0.124729
8Th_lab5
Time 0.168581
8Th_lab5
Time 0.167782
8Th_lab5
Time 0.167700
8Th_lab5
Time 0.168617
8Th_lab5
Time 0.167728
8Th_lab5
Time 0.168653
8Th_lab5
Time 0.168774
8Th_lab5
Time 0.168501
8Th_lab5
Time 0.168612
8Th_lab5
Time 0.169090
16Th_lab5
Time 0.174786
16Th_lab5
Time 0.174472
16Th_lab5
Time 0.173648
16Th_lab5
Time 0.174672
16Th_lab5
Time 0.172078
16Th_lab5
Time 0.173847
16Th_lab5
Time 0.175754
16Th_lab5
Time 0.173512
16Th_lab5
Time 0.174679
16Th_lab5
Time 0.174771
32Th_lab5
Time 0.221701
32Th_lab5
Time 0.222720
32Th_lab5
Time 0.221774
32Th_lab5
Time 0.222445
32Th_lab5
Time 0.221709
32Th_lab5
Time 0.221734
32Th_lab5
Time 0.225952
32Th_lab5
Time 0.220879
32Th_lab5
Time 0.221785
32Th_lab5
Time 0.219558
2Th_lab5
Time 0.081693
2Th_lab5
Time 0.081634
2Th_lab5
Time 0.081649
2Th_lab5
Time 0.081637
2Th_lab5
Time 0.081692
2Th_lab5
Time 0.081706
2Th_lab5
Time 0.081654
2Th_lab5
Time 0.081741
2Th_lab5
Time 0.081391
2Th_lab5
Time 0.082783
4Th_lab5
Time 0.124626
4Th_lab5
Time 0.124686
4Th_lab5
Time 0.124143
4Th_lab5
Time 0.124542
4Th_lab5
Time 0.124519
4Th_lab5
Time 0.123769
4Th_lab5
Time 0.123799
4Th_lab5
Time 0.123542
4Th_lab5
Time 0.123369
4Th_lab5
Time 0.123789
8Th_lab5
Time 0.167749
8Th_lab5
Time 0.167579
8Th_lab5
Time 0.166691
8Th_lab5
Time 0.166585
8Th_lab5
Time 0.172680
8Th_lab5
Time 0.168651
8Th_lab5
Time 0.167680
8Th_lab5
Time 0.166600
8Th_lab5
Time 0.168743
8Th_lab5
Time 0.167823
16Th_lab5
[m6-18-6:22892] *** Process received signal ***
[m6-18-6:22892] Signal: Floating point exception (8)
[m6-18-6:22892] Signal code: Integer divide-by-zero (1)
[m6-18-6:22892] Failing at address: 0x4014f4
[m6-18-16:06346] *** Process received signal ***
[m6-18-16:06346] Signal: Floating point exception (8)
[m6-18-16:06346] Signal code: Integer divide-by-zero (1)
[m6-18-16:06346] Failing at address: 0x4014f4
[m6-18-6:22892] [ 0] /lib64/libpthread.so.0(+0xf710)[0x7fd82f63c710]
[m6-18-6:22892] [ 1] lab5r[0x4014f4]
[m6-18-6:22892] [ 2] /lib64/libc.so.6(__libc_start_main+0xfd)[0x7fd82f2b7d5d]
[m6-18-6:22892] [ 3] lab5r[0x400c99]
[m6-18-6:22892] *** End of error message ***
--------------------------------------------------------------------------
mpirun noticed that process rank 5 with PID 0 on node m6-18-6 exited on signal 8 (Floating point exception).
--------------------------------------------------------------------------
16Th_lab5
Time 0.173569
16Th_lab5
[m6-18-16:06533] *** Process received signal ***
[m6-18-16:06533] Signal: Floating point exception (8)
[m6-18-16:06533] Signal code: Integer divide-by-zero (1)
[m6-18-16:06533] Failing at address: 0x4014f4
[m6-18-16:06533] [ 0] /lib64/libpthread.so.0(+0xf710)[0x7f333b2f9710]
[m6-18-16:06533] [ 1] lab5r[0x4014f4]
[m6-18-16:06533] [ 2] /lib64/libc.so.6(__libc_start_main+0xfd)[0x7f333af74d5d]
[m6-18-16:06533] [ 3] lab5r[0x400c99]
[m6-18-16:06533] *** End of error message ***
[m6-18-6][[36540,1],5][btl_tcp_frag.c:233:mca_btl_tcp_frag_recv] mca_btl_tcp_frag_recv: readv failed: Connection reset by peer (104)
--------------------------------------------------------------------------
mpirun noticed that process rank 13 with PID 0 on node m6-18-16 exited on signal 8 (Floating point exception).
--------------------------------------------------------------------------
16Th_lab5
Time 0.172621
16Th_lab5
Time 0.174616
16Th_lab5
Time 0.174735
16Th_lab5
Time 0.172352
16Th_lab5
[m6-18-8:14552] *** Process received signal ***
[m6-18-8:14552] Signal: Floating point exception (8)
[m6-18-8:14552] Signal code: Integer divide-by-zero (1)
[m6-18-8:14552] Failing at address: 0x4014f4
[m6-18-8:14552] [ 0] /lib64/libpthread.so.0(+0xf710)[0x7f8fbc1ae710]
[m6-18-8:14552] [ 1] lab5r[0x4014f4]
[m6-18-8:14552] [ 2] /lib64/libc.so.6(__libc_start_main+0xfd)[0x7f8fbbe29d5d]
[m6-18-8:14552] [ 3] lab5r[0x400c99]
[m6-18-8:14552] *** End of error message ***
[m6-19-2][[34989,1],15][btl_tcp_frag.c:233:mca_btl_tcp_frag_recv] mca_btl_tcp_frag_recv: readv failed: Connection reset by peer (104)
--------------------------------------------------------------------------
mpirun noticed that process rank 7 with PID 0 on node m6-18-8 exited on signal 8 (Floating point exception).
--------------------------------------------------------------------------
16Th_lab5
Time 0.173705
16Th_lab5
[m6-18-6:23790] *** Process received signal ***
[m6-18-6:23790] Signal: Floating point exception (8)
[m6-18-6:23790] Signal code: Integer divide-by-zero (1)
[m6-18-6:23790] Failing at address: 0x4014f4
[m6-18-16:07256] *** Process received signal ***
[m6-18-16:07256] Signal: Floating point exception (8)
[m6-18-16:07256] Signal code: Integer divide-by-zero (1)
[m6-18-16:07256] Failing at address: 0x4014f4
[m6-18-6:23790] [ 0] /lib64/libpthread.so.0(+0xf710)[0x7fac75461710]
[m6-18-6:23790] [ 1] lab5r[0x4014f4]
[m6-18-6:23790] [ 2] /lib64/libc.so.6(__libc_start_main+0xfd)[0x7fac750dcd5d]
[m6-18-6:23790] [ 3] lab5r[0x400c99]
[m6-18-6:23790] *** End of error message ***
--------------------------------------------------------------------------
mpirun noticed that process rank 5 with PID 0 on node m6-18-6 exited on signal 8 (Floating point exception).
--------------------------------------------------------------------------
32Th_lab5
[m6-18-6:23868] *** Process received signal ***
[m6-18-6:23868] Signal: Floating point exception (8)
[m6-18-6:23868] Signal code: Integer divide-by-zero (1)
[m6-18-6:23868] Failing at address: 0x4014f4
[m6-18-4:14681] *** Process received signal ***
[m6-18-4:14681] Signal: Floating point exception (8)
[m6-18-4:14681] Signal code: Integer divide-by-zero (1)
[m6-18-4:14681] Failing at address: 0x4014f4
[m6-18-6:23868] [ 0] /lib64/libpthread.so.0(+0xf710)[0x7fe8dac21710]
[m6-18-6:23868] [ 1] lab5r[0x4014f4]
[m6-18-6:23868] [ 2] /lib64/libc.so.6(__libc_start_main+0xfd)[0x7fe8da89cd5d]
[m6-18-6:23868] [ 3] lab5r[0x400c99]
[m6-18-6:23868] *** End of error message ***
[m6-18-9][[35648,1],8][btl_tcp_frag.c:233:mca_btl_tcp_frag_recv] [m6-19-3][[35648,1],16][btl_tcp_frag.c:233:mca_btl_tcp_frag_recv] [m6-18-2][[35648,1],1][btl_tcp_frag.c:233:mca_btl_tcp_frag_recv] mca_btl_tcp_frag_recv: readv failed: Connection reset by peer (104)mca_btl_tcp_frag_recv: readv failed: Connection reset by peer (104)mca_btl_tcp_frag_recv: readv failed: Connection reset by peer (104)


[m6-18-13][[35648,1],10][btl_tcp_frag.c:233:mca_btl_tcp_frag_recv] mca_btl_tcp_frag_recv: readv failed: Connection reset by peer (104)
[m6-19-5][[35648,1],18][btl_tcp_frag.c:233:mca_btl_tcp_frag_recv] mca_btl_tcp_frag_recv: readv failed: Connection reset by peer (104)
[m6-19-9][[35648,1],22][btl_tcp_frag.c:233:mca_btl_tcp_frag_recv] mca_btl_tcp_frag_recv: readv failed: Connection reset by peer (104)
[m6-18-8][[35648,1],7][btl_tcp_frag.c:233:mca_btl_tcp_frag_recv] mca_btl_tcp_frag_recv: readv failed: Connection reset by peer (104)
--------------------------------------------------------------------------
mpirun noticed that process rank 5 with PID 0 on node m6-18-6 exited on signal 8 (Floating point exception).
--------------------------------------------------------------------------
32Th_lab5
[m6-18-6:23953] *** Process received signal ***
[m6-18-6:23953] Signal: Floating point exception (8)
[m6-18-6:23953] Signal code: Integer divide-by-zero (1)
[m6-18-6:23953] Failing at address: 0x4014f4
[m6-18-9:05504] *** Process received signal ***
[m6-18-9:05504] Signal: Floating point exception (8)
[m6-18-9:05504] Signal code: Integer divide-by-zero (1)
[m6-18-9:05504] Failing at address: 0x4014f4
[m6-18-6:23953] [ 0] /lib64/libpthread.so.0(+0xf710)[0x7f68203f7710]
[m6-18-6:23953] [ 1] lab5r[0x4014f4]
[m6-18-6:23953] [ 2] /lib64/libc.so.6(__libc_start_main+0xfd)[0x7f6820072d5d]
[m6-18-6:23953] [ 3] lab5r[0x400c99]
[m6-18-6:23953] *** End of error message ***
[m6-18-9:05504] [ 0] /lib64/libpthread.so.0(+0xf710)[0x7f43528f6710]
[m6-18-9:05504] [ 1] lab5r[0x4014f4]
[m6-18-9:05504] [ 2] /lib64/libc.so.6(__libc_start_main+0xfd)[0x7f4352571d5d]
[m6-18-9:05504] [ 3] lab5r[0x400c99]
[m6-18-9:05504] *** End of error message ***
[m6-18-16][[35720,1],13][btl_tcp_frag.c:233:mca_btl_tcp_frag_recv] mca_btl_tcp_frag_recv: readv failed: Connection reset by peer (104)
[m6-19-11][[35720,1],24][btl_tcp_frag.c:233:mca_btl_tcp_frag_recv] mca_btl_tcp_frag_recv: readv failed: Connection reset by peer (104)
--------------------------------------------------------------------------
mpirun noticed that process rank 5 with PID 0 on node m6-18-6 exited on signal 8 (Floating point exception).
--------------------------------------------------------------------------
32Th_lab5
[m6-19-1:21519] *** Process received signal ***
[m6-19-1:21519] Signal: Floating point exception (8)
[m6-19-1:21519] Signal code: Integer divide-by-zero (1)
[m6-19-1:21519] Failing at address: 0x4014f4
[m6-19-14:19022] *** Process received signal ***
[m6-19-1:21519] [m6-19-14:19022] Signal: Floating point exception (8)
[m6-19-14:19022] Signal code: Integer divide-by-zero (1)
[m6-19-14:19022] Failing at address: 0x4014f4
[ 0] /lib64/libpthread.so.0(+0xf710)[0x7fda5ed98710]
[m6-19-1:21519] [ 1] lab5r[0x4014f4]
[m6-19-1:21519] [ 2] /lib64/libc.so.6(__libc_start_main+0xfd)[0x7fda5ea13d5d]
[m6-19-12:06148] *** Process received signal ***
[m6-19-12:06148] Signal: Floating point exception (8)
[m6-19-12:06148] Signal code: Integer divide-by-zero (1)
[m6-19-12:06148] Failing at address: 0x4014f4
[m6-19-1:21519] [ 3] lab5r[0x400c99]
[m6-19-1:21519] *** End of error message ***
[m6-18-10:09463] *** Process received signal ***
[m6-18-10:09463] Signal: Floating point exception (8)
[m6-18-10:09463] Signal code: Integer divide-by-zero (1)
[m6-18-10:09463] Failing at address: 0x4014f4
[m6-19-14:19022] [ 0] /lib64/libpthread.so.0(+0xf710)[0x7f736ffed710]
[m6-19-14:19022] [ 1] lab5r[0x4014f4]
[m6-19-14:19022] [ 2] /lib64/libc.so.6(__libc_start_main+0xfd)[0x7f736fc68d5d]
[m6-19-14:19022] [m6-19-12:06148] [ 0] [ 3] lab5r[0x400c99]
/lib64/libpthread.so.0(+0xf710)[0x7ff10b6ec710]
[m6-19-14:19022] *** End of error message ***
[m6-19-12:06148] [m6-20-1][[35376,1],30][btl_tcp_frag.c:233:mca_btl_tcp_frag_recv] [ 1] mca_btl_tcp_frag_recv: readv failed: Connection reset by peer (104)lab5r[0x4014f4]
[m6-19-12:06148] 
[ 2] /lib64/libc.so.6(__libc_start_main+0xfd)[0x7ff10b367d5d]
[m6-19-12:06148] [ 3] lab5r[0x400c99]
[m6-18-14][[35376,1],11][btl_tcp_frag.c:233:mca_btl_tcp_frag_recv] [m6-19-12:06148] *** End of error message ***
mca_btl_tcp_frag_recv: readv failed: Connection reset by peer (104)
--------------------------------------------------------------------------
mpirun noticed that process rank 14 with PID 0 on node m6-19-1 exited on signal 8 (Floating point exception).
--------------------------------------------------------------------------
32Th_lab5
[m6-18-6:24109] *** Process received signal ***
[m6-18-6:24109] Signal: Floating point exception (8)
[m6-18-6:24109] Signal code: Integer divide-by-zero (1)
[m6-18-6:24109] Failing at address: 0x4014f4
[m6-18-6:24109] [ 0] /lib64/libpthread.so.0(+0xf710)[0x7fda0525a710]
[m6-18-6:24109] [ 1] lab5r[0x4014f4]
[m6-18-6:24109] [ 2] /lib64/libc.so.6(__libc_start_main+0xfd)[0x7fda04ed5d5d]
[m6-18-6:24109] [ 3] lab5r[0x400c99]
[m6-18-6:24109] *** End of error message ***
[m6-18-16][[35448,1],13][btl_tcp_frag.c:233:mca_btl_tcp_frag_recv] mca_btl_tcp_frag_recv: readv failed: Connection reset by peer (104)
--------------------------------------------------------------------------
mpirun noticed that process rank 5 with PID 0 on node m6-18-6 exited on signal 8 (Floating point exception).
--------------------------------------------------------------------------
32Th_lab5
Time 0.219566
32Th_lab5
[m6-18-6:24269] *** Process received signal ***
[m6-18-6:24269] Signal: Floating point exception (8)
[m6-18-6:24269] Signal code: Integer divide-by-zero (1)
[m6-18-6:24269] Failing at address: 0x4014f4
[m6-18-4:15104] *** Process received signal ***
[m6-18-4:15104] Signal: Floating point exception (8)
[m6-18-4:15104] Signal code: Integer divide-by-zero (1)
[m6-18-4:15104] Failing at address: 0x4014f4
[m6-18-6:24269] [ 0] /lib64/libpthread.so.0(+0xf710)[0x7f51f0614710]
[m6-18-6:24269] [ 1] lab5r[0x4014f4]
[m6-18-6:24269] [ 2] [m6-18-4:15104] [ 0] /lib64/libpthread.so.0(+0xf710)[0x7f892ef89710]
/lib64/libc.so.6(__libc_start_main+0xfd)[0x7f51f028fd5d]
[m6-18-6:24269] [ 3] [m6-18-4:15104] [ 1] lab5r[0x400c99]
[m6-18-6:24269] *** End of error message ***
lab5r[0x4014f4]
[m6-18-4:15104] [ 2] /lib64/libc.so.6(__libc_start_main+0xfd)[0x7f892ec04d5d]
[m6-18-4:15104] [ 3] lab5r[0x400c99]
[m6-18-4:15104] *** End of error message ***
[m6-18-8][[35536,1],7][btl_tcp_frag.c:233:mca_btl_tcp_frag_recv] [m6-18-5][[35536,1],4][btl_tcp_frag.c:233:mca_btl_tcp_frag_recv] mca_btl_tcp_frag_recv: readv failed: Connection reset by peer (104)[m6-19-3][[35536,1],16][btl_tcp_frag.c:233:mca_btl_tcp_frag_recv] [m6-18-2][[35536,1],1][btl_tcp_frag.c:233:mca_btl_tcp_frag_recv] mca_btl_tcp_frag_recv: readv failed: Connection reset by peer (104)
mca_btl_tcp_frag_recv: readv failed: Connection reset by peer (104)mca_btl_tcp_frag_recv: readv failed: Connection reset by peer (104)


[m6-18-13][[35536,1],10][btl_tcp_frag.c:233:mca_btl_tcp_frag_recv] mca_btl_tcp_frag_recv: readv failed: Connection reset by peer (104)
--------------------------------------------------------------------------
mpirun noticed that process rank 5 with PID 0 on node m6-18-6 exited on signal 8 (Floating point exception).
--------------------------------------------------------------------------
32Th_lab5
[m6-18-16:07836] *** Process received signal ***
[m6-18-16:07836] Signal: Floating point exception (8)
[m6-18-16:07836] Signal code: Integer divide-by-zero (1)
[m6-18-16:07836] Failing at address: 0x4014f4
[m6-19-16:28193] *** Process received signal ***
[m6-19-16:28193] Signal: Floating point exception (8)
[m6-19-16:28193] Signal code: Integer divide-by-zero (1)
[m6-19-16:28193] Failing at address: 0x4014f4
[m6-18-16:07836] [ 0] /lib64/libpthread.so.0(+0xf710)[0x7f1c8f32d710]
[m6-18-16:07836] [ 1] lab5r[0x4014f4]
[m6-18-16:07836] [ 2] /lib64/libc.so.6(__libc_start_main+0xfd)[0x7f1c8efa8d5d]
[m6-18-16:07836] [ 3] lab5r[0x400c99]
[m6-18-16:07836] *** End of error message ***
[m6-19-16:28193] [ 0] /lib64/libpthread.so.0(+0xf710)[0x7f1000926710]
[m6-19-16:28193] [ 1] lab5r[0x4014f4]
[m6-19-16:28193] [ 2] /lib64/libc.so.6(__libc_start_main+0xfd)[0x7f10005a1d5d]
[m6-19-16:28193] [ 3] lab5r[0x400c99]
[m6-19-16:28193] *** End of error message ***
--------------------------------------------------------------------------
mpirun noticed that process rank 13 with PID 0 on node m6-18-16 exited on signal 8 (Floating point exception).
--------------------------------------------------------------------------
32Th_lab5
[m6-19-14:19432] *** Process received signal ***
[m6-19-14:19432] Signal: Floating point exception (8)
[m6-19-14:19432] Signal code: Integer divide-by-zero (1)
[m6-19-14:19432] Failing at address: 0x4014f4
[m6-19-14:19432] [ 0] /lib64/libpthread.so.0(+0xf710)[0x7fd893a7c710]
[m6-19-14:19432] [ 1] lab5r[0x4014f4]
[m6-19-14:19432] [ 2] /lib64/libc.so.6(__libc_start_main+0xfd)[0x7fd8936f7d5d]
[m6-19-14:19432] [ 3] lab5r[0x400c99]
[m6-19-14:19432] *** End of error message ***
[m6-18-14][[62609,1],11][btl_tcp_frag.c:233:mca_btl_tcp_frag_recv] mca_btl_tcp_frag_recv: readv failed: Connection reset by peer (104)
--------------------------------------------------------------------------
mpirun noticed that process rank 27 with PID 0 on node m6-19-14 exited on signal 8 (Floating point exception).
--------------------------------------------------------------------------
32Th_lab5
[m6-18-6:24516] *** Process received signal ***
[m6-18-6:24516] Signal: Floating point exception (8)
[m6-18-6:24516] Signal code: Integer divide-by-zero (1)
[m6-18-6:24516] Failing at address: 0x4014f4
[m6-18-6:24516] [ 0] /lib64/libpthread.so.0(+0xf710)[0x7f0fcffc5710]
[m6-18-6:24516] [ 1] lab5r[0x4014f4]
[m6-18-6:24516] [ 2] /lib64/libc.so.6(__libc_start_main+0xfd)[0x7f0fcfc40d5d]
[m6-18-6:24516] [ 3] lab5r[0x400c99]
[m6-18-6:24516] *** End of error message ***
[m6-18-16][[62663,1],13][btl_tcp_frag.c:233:mca_btl_tcp_frag_recv] mca_btl_tcp_frag_recv: readv failed: Connection reset by peer (104)
[m6-19-3][[62663,1],16][btl_tcp_frag.c:233:mca_btl_tcp_frag_recv] mca_btl_tcp_frag_recv: readv failed: Connection reset by peer (104)
[m6-19-7][[62663,1],20][btl_tcp_frag.c:233:mca_btl_tcp_frag_recv] mca_btl_tcp_frag_recv: readv failed: Connection reset by peer (104)
--------------------------------------------------------------------------
mpirun noticed that process rank 5 with PID 0 on node m6-18-6 exited on signal 8 (Floating point exception).
--------------------------------------------------------------------------
32Th_lab5
[m6-18-6:24594] *** Process received signal ***
[m6-18-6:24594] Signal: Floating point exception (8)
[m6-18-6:24594] Signal code: Integer divide-by-zero (1)
[m6-18-6:24594] Failing at address: 0x4014f4
[m6-18-6:24594] [ 0] /lib64/libpthread.so.0(+0xf710)[0x7f529c9d6710]
[m6-18-6:24594] [ 1] lab5r[0x4014f4]
[m6-18-6:24594] [ 2] /lib64/libc.so.6(__libc_start_main+0xfd)[0x7f529c651d5d]
[m6-18-6:24594] [ 3] lab5r[0x400c99]
[m6-18-6:24594] *** End of error message ***
[m6-18-16][[63244,1],13][btl_tcp_frag.c:233:mca_btl_tcp_frag_recv] mca_btl_tcp_frag_recv: readv failed: Connection reset by peer (104)
[m6-19-3][[63244,1],16][btl_tcp_frag.c:233:mca_btl_tcp_frag_recv] mca_btl_tcp_frag_recv: readv failed: Connection reset by peer (104)
[m6-18-9][[63244,1],8][btl_tcp_frag.c:233:mca_btl_tcp_frag_recv] mca_btl_tcp_frag_recv: readv failed: Connection reset by peer (104)
--------------------------------------------------------------------------
mpirun noticed that process rank 5 with PID 0 on node m6-18-6 exited on signal 8 (Floating point exception).
--------------------------------------------------------------------------
2Th_lab5
Time 0.081690
2Th_lab5
Time 0.081641
2Th_lab5
Time 0.081639
2Th_lab5
Time 0.081592
2Th_lab5
Time 0.081730
2Th_lab5
Time 0.081616
2Th_lab5
Time 0.081654
2Th_lab5
Time 0.081405
2Th_lab5
Time 0.081649
2Th_lab5
Time 0.081795
4Th_lab5
Time 0.124560
4Th_lab5
Time 0.123656
4Th_lab5
Time 0.124745
4Th_lab5
Time 0.123671
4Th_lab5
Time 0.124473
4Th_lab5
Time 0.124718
4Th_lab5
Time 0.123807
4Th_lab5
Time 0.123809
4Th_lab5
Time 0.123929
4Th_lab5
Time 0.123817
8Th_lab5
Time 0.166648
8Th_lab5
Time 0.167635
8Th_lab5
Time 0.167524
8Th_lab5
Time 0.167877
8Th_lab5
Time 0.167676
8Th_lab5
Time 0.167620
8Th_lab5
Time 0.167725
8Th_lab5
Time 0.166707
8Th_lab5
Time 0.167610
8Th_lab5
Time 0.167463
16Th_lab5
Time 0.173796
16Th_lab5
Time 0.174452
16Th_lab5
Time 0.173723
16Th_lab5
Time 0.172686
16Th_lab5
Time 0.172855
16Th_lab5
Time 0.172769
16Th_lab5
Time 0.172670
16Th_lab5
Time 0.174675
16Th_lab5
Time 0.172706
16Th_lab5
Time 0.173582
32Th_lab5
Time 0.221648
32Th_lab5
Time 0.219651
32Th_lab5
Time 0.221711
32Th_lab5
Time 0.219642
32Th_lab5
Time 0.220846
32Th_lab5
Time 0.219566
32Th_lab5
Time 0.218963
32Th_lab5
Time 0.222794
32Th_lab5
Time 0.220640
32Th_lab5
Time 0.220748
