32Th_lab5
Time 0.215931
randomfill:0.000227 MyPortionSortTime:0.000091  NumSteps:5.000000 (PivotSelection:0.032904 Exchange:0.001805 CompareData:0.000005 
32Th_lab5
Time 0.213047
randomfill:0.000242 MyPortionSortTime:0.000043  NumSteps:5.000000 (PivotSelection:0.033044 Exchange:0.000997 CompareData:0.000003 
32Th_lab5
Time 0.207930
randomfill:0.000189 MyPortionSortTime:0.000131  NumSteps:5.000000 (PivotSelection:0.032044 Exchange:0.001096 CompareData:0.000005 

t= .212302667
r=




32Th_lab5
Time 0.214109
randomfill: MyPortionSortTime:0.000115  NumSteps:5.000000 (PivotSelection:0.033045 Exchange:0.001160 CompareData:0.000003 
32Th_lab5
Time 0.214215
randomfill:0.000233 MyPortionSortTime:0.000048  NumSteps:5.000000 (PivotSelection:0.033231 Exchange:0.000941 CompareData:0.000005 



32Th_lab5
Time 0.215179
randomfill:0.000234 MyPortionSortTime:0.000030  NumSteps:5.000000 (PivotSelection:0.033229 Exchange:0.001007 CompareData:0.000006 
32Th_lab5
Time 0.214083
randomfill:0.000237 MyPortionSortTime:0.000029  NumSteps:5.000000 (PivotSelection:0.033070 Exchange:0.001098 CompareData:0.000003 
32Th_lab5
Time 0.214109
randomfill:0.000234 MyPortionSortTime:0.000053  NumSteps:5.000000 (PivotSelection:0.033248 Exchange:0.001109 CompareData:0.000004 
32Th_lab5
Time 0.214153
randomfill:0.000242 MyPortionSortTime:0.000019  NumSteps:5.000000 (PivotSelection:0.033243 Exchange:0.000995 CompareData:0.000002 
32Th_lab5
Time 0.214146
randomfill:0.000233 MyPortionSortTime:0.000133  NumSteps:5.000000 (PivotSelection:0.033047 Exchange:0.001107 CompareData:0.000004 
